2019-03-13 16:02:33 [scrapy.utils.log] INFO: Scrapy 1.6.0 started (bot: baidu_slave1)
2019-03-13 16:02:33 [scrapy.utils.log] INFO: Versions: lxml 4.2.5.0, libxml2 2.9.8, cssselect 1.0.3, parsel 1.5.1, w3lib 1.19.0, Twisted 18.9.0, Python 3.7.1 (v3.7.1:260ec2c36a, Oct 20 2018, 03:13:28) - [Clang 6.0 (clang-600.0.57)], pyOpenSSL 18.0.0 (OpenSSL 1.1.0j  20 Nov 2018), cryptography 2.4.2, Platform Darwin-18.2.0-x86_64-i386-64bit
2019-03-13 16:02:33 [scrapy.crawler] INFO: Overridden settings: {'BOT_NAME': 'baidu_slave1', 'DOWNLOAD_DELAY': 3, 'DUPEFILTER_CLASS': 'scrapy_redis.dupefilter.RFPDupeFilter', 'LOG_FILE': 'logs/default/todayhotInfoSpider/57cd78d0456611e99681784f4378df41.log', 'NEWSPIDER_MODULE': 'baidu_slave1.spiders', 'SCHEDULER': 'scrapy_redis.scheduler.Scheduler', 'SPIDER_MODULES': ['baidu_slave1.spiders'], 'USER_AGENT': 'Mozilla/5.0 (Windows NT 6.1; Win64; x64) AppleWebKit/537.36 (KHTML, like Gecko) Chrome/57.0.2950.5 Safari/537.36'}
2019-03-13 16:02:33 [scrapy.extensions.telnet] INFO: Telnet Password: f00de1f326d13c13
2019-03-13 16:02:33 [scrapy.middleware] INFO: Enabled extensions:
['scrapy.extensions.corestats.CoreStats',
 'scrapy.extensions.telnet.TelnetConsole',
 'scrapy.extensions.memusage.MemoryUsage',
 'scrapy.extensions.logstats.LogStats']
2019-03-13 16:02:33 [todayhotInfoSpider] INFO: Reading start URLs from redis key 'todayhotInfoSpider:start_urls' (batch size: 16, encoding: utf-8
2019-03-13 16:02:33 [scrapy.middleware] INFO: Enabled downloader middlewares:
['scrapy.downloadermiddlewares.httpauth.HttpAuthMiddleware',
 'scrapy.downloadermiddlewares.downloadtimeout.DownloadTimeoutMiddleware',
 'scrapy.downloadermiddlewares.defaultheaders.DefaultHeadersMiddleware',
 'scrapy.downloadermiddlewares.useragent.UserAgentMiddleware',
 'scrapy.downloadermiddlewares.retry.RetryMiddleware',
 'scrapy.downloadermiddlewares.redirect.MetaRefreshMiddleware',
 'scrapy.downloadermiddlewares.httpcompression.HttpCompressionMiddleware',
 'scrapy.downloadermiddlewares.redirect.RedirectMiddleware',
 'scrapy.downloadermiddlewares.cookies.CookiesMiddleware',
 'scrapy.downloadermiddlewares.httpproxy.HttpProxyMiddleware',
 'scrapy.downloadermiddlewares.stats.DownloaderStats']
2019-03-13 16:02:33 [scrapy.middleware] INFO: Enabled spider middlewares:
['scrapy.spidermiddlewares.httperror.HttpErrorMiddleware',
 'scrapy.spidermiddlewares.offsite.OffsiteMiddleware',
 'scrapy.spidermiddlewares.referer.RefererMiddleware',
 'scrapy.spidermiddlewares.urllength.UrlLengthMiddleware',
 'scrapy.spidermiddlewares.depth.DepthMiddleware']
2019-03-13 16:02:33 [scrapy.middleware] INFO: Enabled item pipelines:
['scrapy_redis.pipelines.RedisPipeline']
2019-03-13 16:02:33 [scrapy.core.engine] INFO: Spider opened
2019-03-13 16:02:33 [scrapy.extensions.logstats] INFO: Crawled 0 pages (at 0 pages/min), scraped 0 items (at 0 items/min)
2019-03-13 16:02:33 [scrapy.extensions.telnet] INFO: Telnet console listening on 127.0.0.1:6024
2019-03-13 16:03:33 [scrapy.extensions.logstats] INFO: Crawled 0 pages (at 0 pages/min), scraped 0 items (at 0 items/min)
2019-03-13 16:04:33 [scrapy.extensions.logstats] INFO: Crawled 0 pages (at 0 pages/min), scraped 0 items (at 0 items/min)
2019-03-13 16:05:33 [scrapy.extensions.logstats] INFO: Crawled 0 pages (at 0 pages/min), scraped 0 items (at 0 items/min)
2019-03-13 16:06:33 [scrapy.extensions.logstats] INFO: Crawled 0 pages (at 0 pages/min), scraped 0 items (at 0 items/min)
2019-03-13 16:07:33 [scrapy.extensions.logstats] INFO: Crawled 0 pages (at 0 pages/min), scraped 0 items (at 0 items/min)
2019-03-13 16:08:33 [scrapy.extensions.logstats] INFO: Crawled 0 pages (at 0 pages/min), scraped 0 items (at 0 items/min)
2019-03-13 16:09:33 [scrapy.extensions.logstats] INFO: Crawled 0 pages (at 0 pages/min), scraped 0 items (at 0 items/min)
2019-03-13 16:10:33 [scrapy.extensions.logstats] INFO: Crawled 0 pages (at 0 pages/min), scraped 0 items (at 0 items/min)
2019-03-13 16:11:33 [scrapy.extensions.logstats] INFO: Crawled 0 pages (at 0 pages/min), scraped 0 items (at 0 items/min)
2019-03-13 16:12:33 [scrapy.extensions.logstats] INFO: Crawled 0 pages (at 0 pages/min), scraped 0 items (at 0 items/min)
2019-03-13 16:13:33 [scrapy.extensions.logstats] INFO: Crawled 0 pages (at 0 pages/min), scraped 0 items (at 0 items/min)
2019-03-13 16:14:33 [scrapy.extensions.logstats] INFO: Crawled 0 pages (at 0 pages/min), scraped 0 items (at 0 items/min)
2019-03-13 16:15:33 [scrapy.extensions.logstats] INFO: Crawled 0 pages (at 0 pages/min), scraped 0 items (at 0 items/min)
2019-03-13 16:16:33 [scrapy.extensions.logstats] INFO: Crawled 0 pages (at 0 pages/min), scraped 0 items (at 0 items/min)
2019-03-13 16:17:33 [scrapy.extensions.logstats] INFO: Crawled 0 pages (at 0 pages/min), scraped 0 items (at 0 items/min)
2019-03-13 16:18:33 [scrapy.extensions.logstats] INFO: Crawled 0 pages (at 0 pages/min), scraped 0 items (at 0 items/min)
2019-03-13 16:19:33 [scrapy.extensions.logstats] INFO: Crawled 0 pages (at 0 pages/min), scraped 0 items (at 0 items/min)
2019-03-13 16:20:33 [scrapy.extensions.logstats] INFO: Crawled 0 pages (at 0 pages/min), scraped 0 items (at 0 items/min)
2019-03-13 16:21:33 [scrapy.extensions.logstats] INFO: Crawled 0 pages (at 0 pages/min), scraped 0 items (at 0 items/min)
2019-03-13 16:22:33 [scrapy.extensions.logstats] INFO: Crawled 0 pages (at 0 pages/min), scraped 0 items (at 0 items/min)
2019-03-13 16:23:33 [scrapy.extensions.logstats] INFO: Crawled 0 pages (at 0 pages/min), scraped 0 items (at 0 items/min)
2019-03-13 16:24:33 [scrapy.extensions.logstats] INFO: Crawled 0 pages (at 0 pages/min), scraped 0 items (at 0 items/min)
2019-03-13 16:25:33 [scrapy.extensions.logstats] INFO: Crawled 0 pages (at 0 pages/min), scraped 0 items (at 0 items/min)
2019-03-13 16:26:33 [scrapy.extensions.logstats] INFO: Crawled 0 pages (at 0 pages/min), scraped 0 items (at 0 items/min)
2019-03-13 16:27:33 [scrapy.extensions.logstats] INFO: Crawled 0 pages (at 0 pages/min), scraped 0 items (at 0 items/min)
2019-03-13 16:28:33 [scrapy.extensions.logstats] INFO: Crawled 0 pages (at 0 pages/min), scraped 0 items (at 0 items/min)
2019-03-13 16:29:33 [scrapy.extensions.logstats] INFO: Crawled 0 pages (at 0 pages/min), scraped 0 items (at 0 items/min)
2019-03-13 16:30:33 [scrapy.extensions.logstats] INFO: Crawled 0 pages (at 0 pages/min), scraped 0 items (at 0 items/min)
2019-03-13 16:31:33 [scrapy.extensions.logstats] INFO: Crawled 0 pages (at 0 pages/min), scraped 0 items (at 0 items/min)
2019-03-13 16:32:33 [scrapy.extensions.logstats] INFO: Crawled 0 pages (at 0 pages/min), scraped 0 items (at 0 items/min)
2019-03-13 16:33:33 [scrapy.extensions.logstats] INFO: Crawled 0 pages (at 0 pages/min), scraped 0 items (at 0 items/min)
2019-03-13 16:34:08 [todayhotInfoSpider] DEBUG: Read 16 requests from 'todayhotInfoSpider:start_urls'
2019-03-13 16:34:09 [scrapy.core.engine] DEBUG: Crawled (200) <GET http://www.baidu.com/baidu?cl=3&tn=SE_baiduhomet8_jmjb7mjw&rsv_dl=fyb_top&fr=top1000&wd=%B9%F9%B0%AC%C2%D7%2034%B7%D6> (referer: None)
2019-03-13 16:34:12 [scrapy.core.engine] DEBUG: Crawled (200) <GET http://www.baidu.com/baidu?cl=3&tn=SE_baiduhomet8_jmjb7mjw&rsv_dl=fyb_top&fr=top1000&wd=%B0%A2%C9%AD%C4%C92-0%C2%FC%C1%AA> (referer: None)
2019-03-13 16:34:15 [scrapy.core.engine] DEBUG: Crawled (200) <GET http://www.baidu.com/baidu?cl=3&tn=SE_baiduhomet8_jmjb7mjw&rsv_dl=fyb_top&fr=top1000&wd=%B0%A3%BA%BD%D7%B9%BB%FA%CF%D6%B3%A1> (referer: None)
2019-03-13 16:34:20 [scrapy.core.engine] DEBUG: Crawled (200) <GET http://www.baidu.com/baidu?cl=3&tn=SE_baiduhomet8_jmjb7mjw&rsv_dl=fyb_top&fr=top1000&wd=%D5%C5%B0%D8%D6%A5%C9%B9%B6%F9%D7%D3> (referer: None)
2019-03-13 16:34:23 [scrapy.core.engine] DEBUG: Crawled (200) <GET http://www.baidu.com/baidu?cl=3&tn=SE_baiduhomet8_jmjb7mjw&rsv_dl=fyb_top&fr=top1000&wd=%B3%C2%D3%EA%B7%C6%C8%AB%D3%A2%B6%E1%B9%DA> (referer: None)
2019-03-13 16:34:27 [scrapy.core.engine] DEBUG: Crawled (200) <GET http://www.baidu.com/baidu?cl=3&tn=SE_baiduhomet8_jmjb7mjw&rsv_dl=fyb_top&fr=top1000&wd=%BB%F0%BC%FD%CF%D5%CA%A4%B6%C0%D0%D0%CF%C0> (referer: None)
2019-03-13 16:34:31 [scrapy.core.engine] DEBUG: Crawled (200) <GET http://www.baidu.com/baidu?cl=3&tn=SE_baiduhomet8_jmjb7mjw&rsv_dl=fyb_top&fr=top1000&wd=%C0%EE%D3%EE%B4%BA%C9%FA%C8%D5%BE%E8%BF%EE> (referer: None)
2019-03-13 16:34:33 [scrapy.extensions.logstats] INFO: Crawled 7 pages (at 7 pages/min), scraped 0 items (at 0 items/min)
2019-03-13 16:34:34 [scrapy.core.engine] DEBUG: Crawled (200) <GET http://www.baidu.com/baidu?cl=3&tn=SE_baiduhomet8_jmjb7mjw&rsv_dl=fyb_top&fr=top1000&wd=%D7%A1%BE%C6%B5%EA%B0%D1%B4%B2%CB%B3%D7%DF> (referer: None)
2019-03-13 16:34:38 [scrapy.core.engine] DEBUG: Crawled (200) <GET http://www.baidu.com/baidu?cl=3&tn=SE_baiduhomet8_jmjb7mjw&rsv_dl=fyb_top&fr=top1000&wd=%C2%ED%D4%C6%CD%CB%B3%F65%BC%D2%B9%AB%CB%BE> (referer: None)
2019-03-13 16:34:42 [scrapy.core.engine] DEBUG: Crawled (200) <GET http://www.baidu.com/baidu?cl=3&tn=SE_baiduhomet8_jmjb7mjw&rsv_dl=fyb_top&fr=top1000&wd=%B3%A4%D5%F7%BE%C5%BA%C5%D3%D0%CD%FB%CA%D7%B7%C9> (referer: None)
2019-03-13 16:34:45 [scrapy.core.engine] DEBUG: Crawled (200) <GET http://www.baidu.com/baidu?cl=3&tn=SE_baiduhomet8_jmjb7mjw&rsv_dl=fyb_top&fr=top1000&wd=%B7%EB%C2%E8%C2%E8%CC%BD%CD%FB%D5%D4%C0%F6%D3%B1> (referer: None)
2019-03-13 16:34:48 [scrapy.core.engine] DEBUG: Crawled (200) <GET http://www.baidu.com/baidu?cl=3&tn=SE_baiduhomet8_jmjb7mjw&rsv_dl=fyb_top&fr=top1000&wd=%B7%EB%C9%DC%B7%E5%B5%C3%D7%D3%CA%D7%CF%D6%C9%ED> (referer: None)
2019-03-13 16:34:52 [scrapy.core.engine] DEBUG: Crawled (200) <GET http://www.baidu.com/baidu?cl=3&tn=SE_baiduhomet8_jmjb7mjw&rsv_dl=fyb_top&fr=top1000&wd=%C0%CF%C0%B5%BC%F1%C9%ED%B7%DD%D6%A4%D7%F8%B3%B5> (referer: None)
2019-03-13 16:34:57 [scrapy.core.engine] DEBUG: Crawled (200) <GET http://www.baidu.com/baidu?cl=3&tn=SE_baiduhomet8_jmjb7mjw&rsv_dl=fyb_top&fr=top1000&wd=%C1%BF%D7%D3%C4%A6%B6%FB%B6%A8%C2%C9%CE%CA%CA%C0> (referer: None)
2019-03-13 16:35:01 [scrapy.core.engine] DEBUG: Crawled (200) <GET http://www.baidu.com/baidu?cl=3&tn=SE_baiduhomet8_jmjb7mjw&rsv_dl=fyb_top&fr=top1000&wd=%C8%AB%D3%A2%D3%F0%C3%AB%C7%F2%B9%AB%BF%AA%C8%FC> (referer: None)
2019-03-13 16:35:05 [scrapy.core.engine] DEBUG: Crawled (200) <GET http://www.baidu.com/baidu?cl=3&tn=SE_baiduhomet8_jmjb7mjw&rsv_dl=fyb_top&fr=top1000&wd=%D5%B2%C4%DD%B8%A5%C2%E5%C5%E5%D7%C8%B6%A9%BB%E9> (referer: None)
2019-03-13 16:35:33 [scrapy.extensions.logstats] INFO: Crawled 16 pages (at 9 pages/min), scraped 0 items (at 0 items/min)
2019-03-13 16:36:33 [scrapy.extensions.logstats] INFO: Crawled 16 pages (at 0 pages/min), scraped 0 items (at 0 items/min)
2019-03-13 16:37:33 [scrapy.extensions.logstats] INFO: Crawled 16 pages (at 0 pages/min), scraped 0 items (at 0 items/min)
2019-03-13 16:37:58 [todayhotInfoSpider] DEBUG: Read 16 requests from 'todayhotInfoSpider:start_urls'
2019-03-13 16:37:59 [scrapy.core.engine] DEBUG: Crawled (200) <GET http://www.baidu.com/baidu?cl=3&tn=SE_baiduhomet8_jmjb7mjw&rsv_dl=fyb_top&fr=top1000&wd=%D0%AF%B3%CC%D6%C2%C7%B8> (referer: None)
2019-03-13 16:38:02 [scrapy.core.engine] DEBUG: Crawled (200) <GET http://www.baidu.com/baidu?cl=3&tn=SE_baiduhomet8_jmjb7mjw&rsv_dl=fyb_top&fr=top1000&wd=%B8%C4%C7%A9%CE%F3%B2%A612309> (referer: None)
2019-03-13 16:38:06 [scrapy.core.engine] DEBUG: Crawled (200) <GET http://www.baidu.com/baidu?cl=3&tn=SE_baiduhomet8_jmjb7mjw&rsv_dl=fyb_top&fr=top1000&wd=%B1%C8%B2%AE%C9%B9%BB%E9%BA%F3%C9%FA%BB%EE> (referer: None)
2019-03-13 16:38:09 [scrapy.core.engine] DEBUG: Crawled (200) <GET http://www.baidu.com/baidu?cl=3&tn=SE_baiduhomet8_jmjb7mjw&rsv_dl=fyb_top&fr=top1000&wd=%CA%A4%C0%FB%CD%CB%B3%F6%D1%DD%D2%D5%C8%A6> (referer: None)
2019-03-13 16:38:13 [scrapy.core.engine] DEBUG: Crawled (200) <GET http://www.baidu.com/baidu?cl=3&tn=SE_baiduhomet8_jmjb7mjw&rsv_dl=fyb_top&fr=top1000&wd=%CC%C6%E6%CC%B8%F4%B2%A3%C1%A7%B1%C8%D0%C4> (referer: None)
2019-03-13 16:38:17 [scrapy.core.engine] DEBUG: Crawled (200) <GET http://www.baidu.com/baidu?cl=3&tn=SE_baiduhomet8_jmjb7mjw&rsv_dl=fyb_top&fr=top1000&wd=%CD%F4%B7%E5%C5%AE%B6%F9%D2%C9%D4%E7%C1%B5> (referer: None)
2019-03-13 16:38:20 [scrapy.core.engine] DEBUG: Crawled (200) <GET http://www.baidu.com/baidu?cl=3&tn=SE_baiduhomet8_jmjb7mjw&rsv_dl=fyb_top&fr=top1000&wd=%D5%D4%C0%F6%D3%B1%B2%FA%BA%F3%B3%F6%D4%BA> (referer: None)
2019-03-13 16:38:22 [scrapy.core.engine] DEBUG: Crawled (200) <GET http://www.baidu.com/baidu?cl=3&tn=SE_baiduhomet8_jmjb7mjw&rsv_dl=fyb_top&fr=top1000&wd=%C0%D6%CC%EC%BD%F6%CA%A33%BC%D2%C3%C5%B5%EA> (referer: None)
2019-03-13 16:38:26 [scrapy.core.engine] DEBUG: Crawled (200) <GET http://www.baidu.com/baidu?cl=3&tn=SE_baiduhomet8_jmjb7mjw&rsv_dl=fyb_top&fr=top1000&wd=%B0%A3%BA%BD%D3%F6%C4%D1%B3%CB%BF%CD%C9%ED%B7%DD> (referer: None)
2019-03-13 16:38:31 [scrapy.core.engine] DEBUG: Crawled (200) <GET http://www.baidu.com/baidu?cl=3&tn=SE_baiduhomet8_jmjb7mjw&rsv_dl=fyb_top&fr=top1000&wd=%B0%A3%BA%BD%D7%B9%BB%FA%CF%D6%B3%A1%C6%D8%B9%E2> (referer: None)
2019-03-13 16:38:33 [scrapy.extensions.logstats] INFO: Crawled 26 pages (at 10 pages/min), scraped 0 items (at 0 items/min)
2019-03-13 16:38:34 [scrapy.core.engine] DEBUG: Crawled (200) <GET http://www.baidu.com/baidu?cl=3&tn=SE_baiduhomet8_jmjb7mjw&rsv_dl=fyb_top&fr=top1000&wd=%B7%B6%B1%F9%B1%F9%D2%C9%B0%DD%B7%C3%BA%E3%B4%F3> (referer: None)
2019-03-13 16:38:38 [scrapy.core.engine] DEBUG: Crawled (200) <GET http://www.baidu.com/baidu?cl=3&tn=SE_baiduhomet8_jmjb7mjw&rsv_dl=fyb_top&fr=top1000&wd=%B9%D8%D6%AE%C1%D5%BA%FA%BE%FC%C7%EC%B9%A6%D1%E7> (referer: None)
2019-03-13 16:38:41 [scrapy.core.engine] DEBUG: Crawled (200) <GET http://www.baidu.com/baidu?cl=3&tn=SE_baiduhomet8_jmjb7mjw&rsv_dl=fyb_top&fr=top1000&wd=%BA%FA%B1%F8%D2%C9%CB%C6%B9%AB%B2%BC%C1%B5%C7%E9> (referer: None)
2019-03-13 16:38:44 [scrapy.core.engine] DEBUG: Crawled (200) <GET http://www.baidu.com/baidu?cl=3&tn=SE_baiduhomet8_jmjb7mjw&rsv_dl=fyb_top&fr=top1000&wd=%BB%C6%B4%F3%CF%DC%B1%BB%C8%A1%CF%FB%B3%C9%BC%A8> (referer: None)
2019-03-13 16:38:48 [scrapy.core.engine] DEBUG: Crawled (200) <GET http://www.baidu.com/baidu?cl=3&tn=SE_baiduhomet8_jmjb7mjw&rsv_dl=fyb_top&fr=top1000&wd=%C5%AE%B4%F3%D1%A7%C9%FA%B0%A3%BA%BD%D3%F6%C4%D1> (referer: None)
2019-03-13 16:38:51 [scrapy.core.engine] DEBUG: Crawled (200) <GET http://www.baidu.com/baidu?cl=3&tn=SE_baiduhomet8_jmjb7mjw&rsv_dl=fyb_top&fr=top1000&wd=%C7%B1%CB%AE%D4%B1%B1%BB%BE%A8%D3%E3%CD%CC%C8%EB> (referer: None)
2019-03-13 16:39:33 [scrapy.extensions.logstats] INFO: Crawled 32 pages (at 6 pages/min), scraped 0 items (at 0 items/min)
2019-03-13 16:40:33 [scrapy.extensions.logstats] INFO: Crawled 32 pages (at 0 pages/min), scraped 0 items (at 0 items/min)
2019-03-13 16:41:33 [scrapy.extensions.logstats] INFO: Crawled 32 pages (at 0 pages/min), scraped 0 items (at 0 items/min)
2019-03-13 16:42:33 [scrapy.extensions.logstats] INFO: Crawled 32 pages (at 0 pages/min), scraped 0 items (at 0 items/min)
2019-03-13 16:43:33 [scrapy.extensions.logstats] INFO: Crawled 32 pages (at 0 pages/min), scraped 0 items (at 0 items/min)
2019-03-13 16:44:33 [scrapy.extensions.logstats] INFO: Crawled 32 pages (at 0 pages/min), scraped 0 items (at 0 items/min)
2019-03-13 16:45:33 [scrapy.extensions.logstats] INFO: Crawled 32 pages (at 0 pages/min), scraped 0 items (at 0 items/min)
2019-03-13 16:46:33 [scrapy.extensions.logstats] INFO: Crawled 32 pages (at 0 pages/min), scraped 0 items (at 0 items/min)
2019-03-13 16:47:33 [scrapy.extensions.logstats] INFO: Crawled 32 pages (at 0 pages/min), scraped 0 items (at 0 items/min)
2019-03-13 16:48:33 [scrapy.extensions.logstats] INFO: Crawled 32 pages (at 0 pages/min), scraped 0 items (at 0 items/min)
2019-03-13 16:49:33 [scrapy.extensions.logstats] INFO: Crawled 32 pages (at 0 pages/min), scraped 0 items (at 0 items/min)
2019-03-13 16:50:33 [scrapy.extensions.logstats] INFO: Crawled 32 pages (at 0 pages/min), scraped 0 items (at 0 items/min)
2019-03-13 16:51:33 [scrapy.extensions.logstats] INFO: Crawled 32 pages (at 0 pages/min), scraped 0 items (at 0 items/min)
2019-03-13 16:52:33 [scrapy.extensions.logstats] INFO: Crawled 32 pages (at 0 pages/min), scraped 0 items (at 0 items/min)
2019-03-13 16:53:33 [scrapy.extensions.logstats] INFO: Crawled 32 pages (at 0 pages/min), scraped 0 items (at 0 items/min)
2019-03-13 16:54:33 [scrapy.extensions.logstats] INFO: Crawled 32 pages (at 0 pages/min), scraped 0 items (at 0 items/min)
2019-03-13 16:55:33 [scrapy.extensions.logstats] INFO: Crawled 32 pages (at 0 pages/min), scraped 0 items (at 0 items/min)
2019-03-13 16:56:33 [scrapy.extensions.logstats] INFO: Crawled 32 pages (at 0 pages/min), scraped 0 items (at 0 items/min)
2019-03-13 16:57:33 [scrapy.extensions.logstats] INFO: Crawled 32 pages (at 0 pages/min), scraped 0 items (at 0 items/min)
2019-03-13 16:58:33 [scrapy.extensions.logstats] INFO: Crawled 32 pages (at 0 pages/min), scraped 0 items (at 0 items/min)
2019-03-13 16:59:33 [scrapy.extensions.logstats] INFO: Crawled 32 pages (at 0 pages/min), scraped 0 items (at 0 items/min)
2019-03-13 17:00:33 [scrapy.extensions.logstats] INFO: Crawled 32 pages (at 0 pages/min), scraped 0 items (at 0 items/min)
2019-03-13 17:01:33 [scrapy.extensions.logstats] INFO: Crawled 32 pages (at 0 pages/min), scraped 0 items (at 0 items/min)
2019-03-13 17:02:33 [scrapy.extensions.logstats] INFO: Crawled 32 pages (at 0 pages/min), scraped 0 items (at 0 items/min)
2019-03-13 17:03:33 [scrapy.extensions.logstats] INFO: Crawled 32 pages (at 0 pages/min), scraped 0 items (at 0 items/min)
2019-03-13 17:04:33 [scrapy.extensions.logstats] INFO: Crawled 32 pages (at 0 pages/min), scraped 0 items (at 0 items/min)
2019-03-13 17:05:33 [scrapy.extensions.logstats] INFO: Crawled 32 pages (at 0 pages/min), scraped 0 items (at 0 items/min)
2019-03-13 17:06:33 [scrapy.extensions.logstats] INFO: Crawled 32 pages (at 0 pages/min), scraped 0 items (at 0 items/min)
2019-03-13 17:07:33 [scrapy.extensions.logstats] INFO: Crawled 32 pages (at 0 pages/min), scraped 0 items (at 0 items/min)
2019-03-13 17:08:33 [scrapy.extensions.logstats] INFO: Crawled 32 pages (at 0 pages/min), scraped 0 items (at 0 items/min)
2019-03-13 17:09:33 [scrapy.extensions.logstats] INFO: Crawled 32 pages (at 0 pages/min), scraped 0 items (at 0 items/min)
2019-03-13 17:10:33 [scrapy.extensions.logstats] INFO: Crawled 32 pages (at 0 pages/min), scraped 0 items (at 0 items/min)
2019-03-13 17:11:33 [scrapy.extensions.logstats] INFO: Crawled 32 pages (at 0 pages/min), scraped 0 items (at 0 items/min)
2019-03-13 17:12:33 [scrapy.extensions.logstats] INFO: Crawled 32 pages (at 0 pages/min), scraped 0 items (at 0 items/min)
2019-03-13 17:13:33 [scrapy.extensions.logstats] INFO: Crawled 32 pages (at 0 pages/min), scraped 0 items (at 0 items/min)
2019-03-13 17:14:33 [scrapy.extensions.logstats] INFO: Crawled 32 pages (at 0 pages/min), scraped 0 items (at 0 items/min)
2019-03-13 17:15:33 [scrapy.extensions.logstats] INFO: Crawled 32 pages (at 0 pages/min), scraped 0 items (at 0 items/min)
2019-03-13 17:16:33 [scrapy.extensions.logstats] INFO: Crawled 32 pages (at 0 pages/min), scraped 0 items (at 0 items/min)
2019-03-13 17:17:33 [scrapy.extensions.logstats] INFO: Crawled 32 pages (at 0 pages/min), scraped 0 items (at 0 items/min)
2019-03-13 17:18:33 [scrapy.extensions.logstats] INFO: Crawled 32 pages (at 0 pages/min), scraped 0 items (at 0 items/min)
2019-03-13 17:19:33 [scrapy.extensions.logstats] INFO: Crawled 32 pages (at 0 pages/min), scraped 0 items (at 0 items/min)
2019-03-13 17:20:33 [scrapy.extensions.logstats] INFO: Crawled 32 pages (at 0 pages/min), scraped 0 items (at 0 items/min)
2019-03-13 17:21:33 [scrapy.extensions.logstats] INFO: Crawled 32 pages (at 0 pages/min), scraped 0 items (at 0 items/min)
2019-03-13 17:22:33 [scrapy.extensions.logstats] INFO: Crawled 32 pages (at 0 pages/min), scraped 0 items (at 0 items/min)
2019-03-13 17:23:33 [scrapy.extensions.logstats] INFO: Crawled 32 pages (at 0 pages/min), scraped 0 items (at 0 items/min)
2019-03-13 17:24:33 [scrapy.extensions.logstats] INFO: Crawled 32 pages (at 0 pages/min), scraped 0 items (at 0 items/min)
2019-03-13 17:25:33 [scrapy.extensions.logstats] INFO: Crawled 32 pages (at 0 pages/min), scraped 0 items (at 0 items/min)
2019-03-13 17:26:33 [scrapy.extensions.logstats] INFO: Crawled 32 pages (at 0 pages/min), scraped 0 items (at 0 items/min)
2019-03-13 17:27:33 [scrapy.extensions.logstats] INFO: Crawled 32 pages (at 0 pages/min), scraped 0 items (at 0 items/min)
2019-03-13 17:28:33 [scrapy.extensions.logstats] INFO: Crawled 32 pages (at 0 pages/min), scraped 0 items (at 0 items/min)
2019-03-13 17:29:33 [scrapy.extensions.logstats] INFO: Crawled 32 pages (at 0 pages/min), scraped 0 items (at 0 items/min)
2019-03-13 17:30:33 [scrapy.extensions.logstats] INFO: Crawled 32 pages (at 0 pages/min), scraped 0 items (at 0 items/min)
2019-03-13 17:31:33 [scrapy.extensions.logstats] INFO: Crawled 32 pages (at 0 pages/min), scraped 0 items (at 0 items/min)
2019-03-13 17:32:33 [scrapy.extensions.logstats] INFO: Crawled 32 pages (at 0 pages/min), scraped 0 items (at 0 items/min)
2019-03-13 17:33:33 [scrapy.extensions.logstats] INFO: Crawled 32 pages (at 0 pages/min), scraped 0 items (at 0 items/min)
2019-03-13 17:34:33 [scrapy.extensions.logstats] INFO: Crawled 32 pages (at 0 pages/min), scraped 0 items (at 0 items/min)
2019-03-13 17:35:33 [scrapy.extensions.logstats] INFO: Crawled 32 pages (at 0 pages/min), scraped 0 items (at 0 items/min)
2019-03-13 17:36:33 [scrapy.extensions.logstats] INFO: Crawled 32 pages (at 0 pages/min), scraped 0 items (at 0 items/min)
2019-03-13 17:37:33 [scrapy.extensions.logstats] INFO: Crawled 32 pages (at 0 pages/min), scraped 0 items (at 0 items/min)
2019-03-13 17:38:33 [scrapy.extensions.logstats] INFO: Crawled 32 pages (at 0 pages/min), scraped 0 items (at 0 items/min)
2019-03-13 17:39:33 [scrapy.extensions.logstats] INFO: Crawled 32 pages (at 0 pages/min), scraped 0 items (at 0 items/min)
2019-03-13 17:40:33 [scrapy.extensions.logstats] INFO: Crawled 32 pages (at 0 pages/min), scraped 0 items (at 0 items/min)
2019-03-13 17:41:33 [scrapy.extensions.logstats] INFO: Crawled 32 pages (at 0 pages/min), scraped 0 items (at 0 items/min)
2019-03-13 17:42:33 [scrapy.extensions.logstats] INFO: Crawled 32 pages (at 0 pages/min), scraped 0 items (at 0 items/min)
2019-03-13 17:43:33 [scrapy.extensions.logstats] INFO: Crawled 32 pages (at 0 pages/min), scraped 0 items (at 0 items/min)
2019-03-13 17:44:33 [scrapy.extensions.logstats] INFO: Crawled 32 pages (at 0 pages/min), scraped 0 items (at 0 items/min)
2019-03-13 17:45:33 [scrapy.extensions.logstats] INFO: Crawled 32 pages (at 0 pages/min), scraped 0 items (at 0 items/min)
2019-03-13 17:46:33 [scrapy.extensions.logstats] INFO: Crawled 32 pages (at 0 pages/min), scraped 0 items (at 0 items/min)
2019-03-13 17:47:33 [scrapy.extensions.logstats] INFO: Crawled 32 pages (at 0 pages/min), scraped 0 items (at 0 items/min)
2019-03-13 17:48:33 [scrapy.extensions.logstats] INFO: Crawled 32 pages (at 0 pages/min), scraped 0 items (at 0 items/min)
2019-03-13 17:49:33 [scrapy.extensions.logstats] INFO: Crawled 32 pages (at 0 pages/min), scraped 0 items (at 0 items/min)
2019-03-13 17:50:33 [scrapy.extensions.logstats] INFO: Crawled 32 pages (at 0 pages/min), scraped 0 items (at 0 items/min)
2019-03-13 17:51:33 [scrapy.extensions.logstats] INFO: Crawled 32 pages (at 0 pages/min), scraped 0 items (at 0 items/min)
2019-03-13 17:52:33 [scrapy.extensions.logstats] INFO: Crawled 32 pages (at 0 pages/min), scraped 0 items (at 0 items/min)
2019-03-13 17:53:33 [scrapy.extensions.logstats] INFO: Crawled 32 pages (at 0 pages/min), scraped 0 items (at 0 items/min)
2019-03-13 17:54:33 [scrapy.extensions.logstats] INFO: Crawled 32 pages (at 0 pages/min), scraped 0 items (at 0 items/min)
2019-03-13 17:55:33 [scrapy.extensions.logstats] INFO: Crawled 32 pages (at 0 pages/min), scraped 0 items (at 0 items/min)
2019-03-13 17:56:33 [scrapy.extensions.logstats] INFO: Crawled 32 pages (at 0 pages/min), scraped 0 items (at 0 items/min)
2019-03-13 17:57:33 [scrapy.extensions.logstats] INFO: Crawled 32 pages (at 0 pages/min), scraped 0 items (at 0 items/min)
2019-03-13 17:58:33 [scrapy.extensions.logstats] INFO: Crawled 32 pages (at 0 pages/min), scraped 0 items (at 0 items/min)
2019-03-13 17:59:33 [scrapy.extensions.logstats] INFO: Crawled 32 pages (at 0 pages/min), scraped 0 items (at 0 items/min)
2019-03-13 18:00:33 [scrapy.extensions.logstats] INFO: Crawled 32 pages (at 0 pages/min), scraped 0 items (at 0 items/min)
2019-03-13 18:01:33 [scrapy.extensions.logstats] INFO: Crawled 32 pages (at 0 pages/min), scraped 0 items (at 0 items/min)
2019-03-13 18:02:33 [scrapy.extensions.logstats] INFO: Crawled 32 pages (at 0 pages/min), scraped 0 items (at 0 items/min)
2019-03-13 18:03:33 [scrapy.extensions.logstats] INFO: Crawled 32 pages (at 0 pages/min), scraped 0 items (at 0 items/min)
2019-03-13 18:04:33 [scrapy.extensions.logstats] INFO: Crawled 32 pages (at 0 pages/min), scraped 0 items (at 0 items/min)
2019-03-13 18:05:33 [scrapy.extensions.logstats] INFO: Crawled 32 pages (at 0 pages/min), scraped 0 items (at 0 items/min)
2019-03-13 18:06:33 [scrapy.extensions.logstats] INFO: Crawled 32 pages (at 0 pages/min), scraped 0 items (at 0 items/min)
2019-03-13 18:07:33 [scrapy.extensions.logstats] INFO: Crawled 32 pages (at 0 pages/min), scraped 0 items (at 0 items/min)
2019-03-13 18:08:33 [scrapy.extensions.logstats] INFO: Crawled 32 pages (at 0 pages/min), scraped 0 items (at 0 items/min)
2019-03-13 18:09:33 [scrapy.extensions.logstats] INFO: Crawled 32 pages (at 0 pages/min), scraped 0 items (at 0 items/min)
2019-03-13 18:10:33 [scrapy.extensions.logstats] INFO: Crawled 32 pages (at 0 pages/min), scraped 0 items (at 0 items/min)
2019-03-13 18:11:33 [scrapy.extensions.logstats] INFO: Crawled 32 pages (at 0 pages/min), scraped 0 items (at 0 items/min)
2019-03-13 18:12:33 [scrapy.extensions.logstats] INFO: Crawled 32 pages (at 0 pages/min), scraped 0 items (at 0 items/min)
2019-03-13 18:13:33 [scrapy.extensions.logstats] INFO: Crawled 32 pages (at 0 pages/min), scraped 0 items (at 0 items/min)
2019-03-13 18:14:33 [scrapy.extensions.logstats] INFO: Crawled 32 pages (at 0 pages/min), scraped 0 items (at 0 items/min)
2019-03-13 18:15:33 [scrapy.extensions.logstats] INFO: Crawled 32 pages (at 0 pages/min), scraped 0 items (at 0 items/min)
2019-03-13 18:16:33 [scrapy.extensions.logstats] INFO: Crawled 32 pages (at 0 pages/min), scraped 0 items (at 0 items/min)
2019-03-13 18:17:33 [scrapy.extensions.logstats] INFO: Crawled 32 pages (at 0 pages/min), scraped 0 items (at 0 items/min)
2019-03-13 18:18:33 [scrapy.extensions.logstats] INFO: Crawled 32 pages (at 0 pages/min), scraped 0 items (at 0 items/min)
2019-03-13 18:19:33 [scrapy.extensions.logstats] INFO: Crawled 32 pages (at 0 pages/min), scraped 0 items (at 0 items/min)
2019-03-13 18:20:33 [scrapy.extensions.logstats] INFO: Crawled 32 pages (at 0 pages/min), scraped 0 items (at 0 items/min)
2019-03-13 18:21:33 [scrapy.extensions.logstats] INFO: Crawled 32 pages (at 0 pages/min), scraped 0 items (at 0 items/min)
2019-03-13 18:22:33 [scrapy.extensions.logstats] INFO: Crawled 32 pages (at 0 pages/min), scraped 0 items (at 0 items/min)
2019-03-13 18:23:33 [scrapy.extensions.logstats] INFO: Crawled 32 pages (at 0 pages/min), scraped 0 items (at 0 items/min)
2019-03-13 18:24:33 [scrapy.extensions.logstats] INFO: Crawled 32 pages (at 0 pages/min), scraped 0 items (at 0 items/min)
2019-03-13 18:25:33 [scrapy.extensions.logstats] INFO: Crawled 32 pages (at 0 pages/min), scraped 0 items (at 0 items/min)
2019-03-13 18:26:33 [scrapy.extensions.logstats] INFO: Crawled 32 pages (at 0 pages/min), scraped 0 items (at 0 items/min)
2019-03-13 18:27:33 [scrapy.extensions.logstats] INFO: Crawled 32 pages (at 0 pages/min), scraped 0 items (at 0 items/min)
2019-03-13 18:28:33 [scrapy.extensions.logstats] INFO: Crawled 32 pages (at 0 pages/min), scraped 0 items (at 0 items/min)
2019-03-13 18:29:33 [scrapy.extensions.logstats] INFO: Crawled 32 pages (at 0 pages/min), scraped 0 items (at 0 items/min)
2019-03-13 18:30:33 [scrapy.extensions.logstats] INFO: Crawled 32 pages (at 0 pages/min), scraped 0 items (at 0 items/min)
2019-03-13 18:31:33 [scrapy.extensions.logstats] INFO: Crawled 32 pages (at 0 pages/min), scraped 0 items (at 0 items/min)
2019-03-13 18:32:33 [scrapy.extensions.logstats] INFO: Crawled 32 pages (at 0 pages/min), scraped 0 items (at 0 items/min)
2019-03-13 18:33:33 [scrapy.extensions.logstats] INFO: Crawled 32 pages (at 0 pages/min), scraped 0 items (at 0 items/min)
2019-03-13 18:34:33 [scrapy.extensions.logstats] INFO: Crawled 32 pages (at 0 pages/min), scraped 0 items (at 0 items/min)
2019-03-13 18:35:33 [scrapy.extensions.logstats] INFO: Crawled 32 pages (at 0 pages/min), scraped 0 items (at 0 items/min)
2019-03-13 18:36:33 [scrapy.extensions.logstats] INFO: Crawled 32 pages (at 0 pages/min), scraped 0 items (at 0 items/min)
2019-03-13 18:37:33 [scrapy.extensions.logstats] INFO: Crawled 32 pages (at 0 pages/min), scraped 0 items (at 0 items/min)
2019-03-13 18:38:33 [scrapy.extensions.logstats] INFO: Crawled 32 pages (at 0 pages/min), scraped 0 items (at 0 items/min)
2019-03-13 18:39:33 [scrapy.extensions.logstats] INFO: Crawled 32 pages (at 0 pages/min), scraped 0 items (at 0 items/min)
2019-03-13 18:40:33 [scrapy.extensions.logstats] INFO: Crawled 32 pages (at 0 pages/min), scraped 0 items (at 0 items/min)
2019-03-13 18:41:33 [scrapy.extensions.logstats] INFO: Crawled 32 pages (at 0 pages/min), scraped 0 items (at 0 items/min)
2019-03-13 18:42:33 [scrapy.extensions.logstats] INFO: Crawled 32 pages (at 0 pages/min), scraped 0 items (at 0 items/min)
2019-03-13 18:43:33 [scrapy.extensions.logstats] INFO: Crawled 32 pages (at 0 pages/min), scraped 0 items (at 0 items/min)
2019-03-13 18:44:33 [scrapy.extensions.logstats] INFO: Crawled 32 pages (at 0 pages/min), scraped 0 items (at 0 items/min)
2019-03-13 18:45:33 [scrapy.extensions.logstats] INFO: Crawled 32 pages (at 0 pages/min), scraped 0 items (at 0 items/min)
2019-03-13 18:46:33 [scrapy.extensions.logstats] INFO: Crawled 32 pages (at 0 pages/min), scraped 0 items (at 0 items/min)
2019-03-13 18:47:33 [scrapy.extensions.logstats] INFO: Crawled 32 pages (at 0 pages/min), scraped 0 items (at 0 items/min)
2019-03-13 18:48:33 [scrapy.extensions.logstats] INFO: Crawled 32 pages (at 0 pages/min), scraped 0 items (at 0 items/min)
2019-03-13 18:49:33 [scrapy.extensions.logstats] INFO: Crawled 32 pages (at 0 pages/min), scraped 0 items (at 0 items/min)
2019-03-13 18:50:33 [scrapy.extensions.logstats] INFO: Crawled 32 pages (at 0 pages/min), scraped 0 items (at 0 items/min)
2019-03-13 18:51:33 [scrapy.extensions.logstats] INFO: Crawled 32 pages (at 0 pages/min), scraped 0 items (at 0 items/min)
2019-03-13 18:52:33 [scrapy.extensions.logstats] INFO: Crawled 32 pages (at 0 pages/min), scraped 0 items (at 0 items/min)
2019-03-13 18:53:33 [scrapy.extensions.logstats] INFO: Crawled 32 pages (at 0 pages/min), scraped 0 items (at 0 items/min)
2019-03-13 18:54:33 [scrapy.extensions.logstats] INFO: Crawled 32 pages (at 0 pages/min), scraped 0 items (at 0 items/min)
2019-03-13 18:55:33 [scrapy.extensions.logstats] INFO: Crawled 32 pages (at 0 pages/min), scraped 0 items (at 0 items/min)
2019-03-13 18:56:33 [scrapy.extensions.logstats] INFO: Crawled 32 pages (at 0 pages/min), scraped 0 items (at 0 items/min)
2019-03-13 18:57:33 [scrapy.extensions.logstats] INFO: Crawled 32 pages (at 0 pages/min), scraped 0 items (at 0 items/min)
2019-03-13 18:58:33 [scrapy.extensions.logstats] INFO: Crawled 32 pages (at 0 pages/min), scraped 0 items (at 0 items/min)
2019-03-13 18:59:33 [scrapy.extensions.logstats] INFO: Crawled 32 pages (at 0 pages/min), scraped 0 items (at 0 items/min)
2019-03-13 19:00:33 [scrapy.extensions.logstats] INFO: Crawled 32 pages (at 0 pages/min), scraped 0 items (at 0 items/min)
2019-03-13 19:01:33 [scrapy.extensions.logstats] INFO: Crawled 32 pages (at 0 pages/min), scraped 0 items (at 0 items/min)
2019-03-13 19:02:33 [scrapy.extensions.logstats] INFO: Crawled 32 pages (at 0 pages/min), scraped 0 items (at 0 items/min)
2019-03-13 19:03:33 [scrapy.extensions.logstats] INFO: Crawled 32 pages (at 0 pages/min), scraped 0 items (at 0 items/min)
2019-03-13 19:04:33 [scrapy.extensions.logstats] INFO: Crawled 32 pages (at 0 pages/min), scraped 0 items (at 0 items/min)
2019-03-13 19:05:33 [scrapy.extensions.logstats] INFO: Crawled 32 pages (at 0 pages/min), scraped 0 items (at 0 items/min)
2019-03-13 19:06:33 [scrapy.extensions.logstats] INFO: Crawled 32 pages (at 0 pages/min), scraped 0 items (at 0 items/min)
2019-03-13 19:07:33 [scrapy.extensions.logstats] INFO: Crawled 32 pages (at 0 pages/min), scraped 0 items (at 0 items/min)
2019-03-13 19:08:33 [scrapy.extensions.logstats] INFO: Crawled 32 pages (at 0 pages/min), scraped 0 items (at 0 items/min)
2019-03-13 19:09:33 [scrapy.extensions.logstats] INFO: Crawled 32 pages (at 0 pages/min), scraped 0 items (at 0 items/min)
2019-03-13 19:10:33 [scrapy.extensions.logstats] INFO: Crawled 32 pages (at 0 pages/min), scraped 0 items (at 0 items/min)
2019-03-13 19:11:33 [scrapy.extensions.logstats] INFO: Crawled 32 pages (at 0 pages/min), scraped 0 items (at 0 items/min)
2019-03-13 19:12:33 [scrapy.extensions.logstats] INFO: Crawled 32 pages (at 0 pages/min), scraped 0 items (at 0 items/min)
2019-03-13 19:13:33 [scrapy.extensions.logstats] INFO: Crawled 32 pages (at 0 pages/min), scraped 0 items (at 0 items/min)
2019-03-13 19:14:33 [scrapy.extensions.logstats] INFO: Crawled 32 pages (at 0 pages/min), scraped 0 items (at 0 items/min)
2019-03-13 19:15:33 [scrapy.extensions.logstats] INFO: Crawled 32 pages (at 0 pages/min), scraped 0 items (at 0 items/min)
2019-03-13 19:16:33 [scrapy.extensions.logstats] INFO: Crawled 32 pages (at 0 pages/min), scraped 0 items (at 0 items/min)
2019-03-13 19:17:33 [scrapy.extensions.logstats] INFO: Crawled 32 pages (at 0 pages/min), scraped 0 items (at 0 items/min)
2019-03-13 19:18:33 [scrapy.extensions.logstats] INFO: Crawled 32 pages (at 0 pages/min), scraped 0 items (at 0 items/min)
2019-03-13 19:19:33 [scrapy.extensions.logstats] INFO: Crawled 32 pages (at 0 pages/min), scraped 0 items (at 0 items/min)
2019-03-13 19:20:33 [scrapy.extensions.logstats] INFO: Crawled 32 pages (at 0 pages/min), scraped 0 items (at 0 items/min)
2019-03-13 19:21:33 [scrapy.extensions.logstats] INFO: Crawled 32 pages (at 0 pages/min), scraped 0 items (at 0 items/min)
2019-03-13 19:22:33 [scrapy.extensions.logstats] INFO: Crawled 32 pages (at 0 pages/min), scraped 0 items (at 0 items/min)
2019-03-13 19:23:33 [scrapy.extensions.logstats] INFO: Crawled 32 pages (at 0 pages/min), scraped 0 items (at 0 items/min)
2019-03-13 19:24:33 [scrapy.extensions.logstats] INFO: Crawled 32 pages (at 0 pages/min), scraped 0 items (at 0 items/min)
2019-03-13 19:25:33 [scrapy.extensions.logstats] INFO: Crawled 32 pages (at 0 pages/min), scraped 0 items (at 0 items/min)
2019-03-13 19:26:33 [scrapy.extensions.logstats] INFO: Crawled 32 pages (at 0 pages/min), scraped 0 items (at 0 items/min)
2019-03-13 19:27:33 [scrapy.extensions.logstats] INFO: Crawled 32 pages (at 0 pages/min), scraped 0 items (at 0 items/min)
2019-03-13 19:28:33 [scrapy.extensions.logstats] INFO: Crawled 32 pages (at 0 pages/min), scraped 0 items (at 0 items/min)
2019-03-13 19:29:33 [scrapy.extensions.logstats] INFO: Crawled 32 pages (at 0 pages/min), scraped 0 items (at 0 items/min)
2019-03-13 19:30:33 [scrapy.extensions.logstats] INFO: Crawled 32 pages (at 0 pages/min), scraped 0 items (at 0 items/min)
2019-03-13 19:31:33 [scrapy.extensions.logstats] INFO: Crawled 32 pages (at 0 pages/min), scraped 0 items (at 0 items/min)
2019-03-13 19:32:33 [scrapy.extensions.logstats] INFO: Crawled 32 pages (at 0 pages/min), scraped 0 items (at 0 items/min)
2019-03-13 19:33:33 [scrapy.extensions.logstats] INFO: Crawled 32 pages (at 0 pages/min), scraped 0 items (at 0 items/min)
2019-03-13 19:34:33 [scrapy.extensions.logstats] INFO: Crawled 32 pages (at 0 pages/min), scraped 0 items (at 0 items/min)
2019-03-13 19:35:33 [scrapy.extensions.logstats] INFO: Crawled 32 pages (at 0 pages/min), scraped 0 items (at 0 items/min)
2019-03-13 19:36:33 [scrapy.extensions.logstats] INFO: Crawled 32 pages (at 0 pages/min), scraped 0 items (at 0 items/min)
2019-03-13 19:37:33 [scrapy.extensions.logstats] INFO: Crawled 32 pages (at 0 pages/min), scraped 0 items (at 0 items/min)
2019-03-13 19:38:33 [scrapy.extensions.logstats] INFO: Crawled 32 pages (at 0 pages/min), scraped 0 items (at 0 items/min)
2019-03-13 19:39:33 [scrapy.extensions.logstats] INFO: Crawled 32 pages (at 0 pages/min), scraped 0 items (at 0 items/min)
2019-03-13 19:40:33 [scrapy.extensions.logstats] INFO: Crawled 32 pages (at 0 pages/min), scraped 0 items (at 0 items/min)
2019-03-13 19:41:33 [scrapy.extensions.logstats] INFO: Crawled 32 pages (at 0 pages/min), scraped 0 items (at 0 items/min)
2019-03-13 19:42:33 [scrapy.extensions.logstats] INFO: Crawled 32 pages (at 0 pages/min), scraped 0 items (at 0 items/min)
2019-03-13 19:43:33 [scrapy.extensions.logstats] INFO: Crawled 32 pages (at 0 pages/min), scraped 0 items (at 0 items/min)
2019-03-13 19:44:33 [scrapy.extensions.logstats] INFO: Crawled 32 pages (at 0 pages/min), scraped 0 items (at 0 items/min)
2019-03-13 19:45:33 [scrapy.extensions.logstats] INFO: Crawled 32 pages (at 0 pages/min), scraped 0 items (at 0 items/min)
2019-03-13 19:46:33 [scrapy.extensions.logstats] INFO: Crawled 32 pages (at 0 pages/min), scraped 0 items (at 0 items/min)
2019-03-13 19:47:33 [scrapy.extensions.logstats] INFO: Crawled 32 pages (at 0 pages/min), scraped 0 items (at 0 items/min)
2019-03-13 19:48:33 [scrapy.extensions.logstats] INFO: Crawled 32 pages (at 0 pages/min), scraped 0 items (at 0 items/min)
2019-03-13 19:49:33 [scrapy.extensions.logstats] INFO: Crawled 32 pages (at 0 pages/min), scraped 0 items (at 0 items/min)
2019-03-13 19:50:33 [scrapy.extensions.logstats] INFO: Crawled 32 pages (at 0 pages/min), scraped 0 items (at 0 items/min)
2019-03-13 19:51:33 [scrapy.extensions.logstats] INFO: Crawled 32 pages (at 0 pages/min), scraped 0 items (at 0 items/min)
