2019-03-06 19:33:39 [scrapy.utils.log] INFO: Scrapy 1.6.0 started (bot: baidu_master)
2019-03-06 19:33:39 [scrapy.utils.log] INFO: Versions: lxml 4.2.5.0, libxml2 2.9.8, cssselect 1.0.3, parsel 1.5.1, w3lib 1.19.0, Twisted 18.9.0, Python 3.7.1 (v3.7.1:260ec2c36a, Oct 20 2018, 03:13:28) - [Clang 6.0 (clang-600.0.57)], pyOpenSSL 18.0.0 (OpenSSL 1.1.0j  20 Nov 2018), cryptography 2.4.2, Platform Darwin-18.2.0-x86_64-i386-64bit
2019-03-06 19:33:39 [scrapy.crawler] INFO: Overridden settings: {'BOT_NAME': 'baidu_master', 'COOKIES_ENABLED': False, 'DOWNLOAD_DELAY': 3, 'LOG_FILE': './todayhotSpider.log', 'NEWSPIDER_MODULE': 'baidu_master.spiders', 'SPIDER_MODULES': ['baidu_master.spiders'], 'USER_AGENT': 'Mozilla/5.0 (Windows NT 6.1; Win64; x64) AppleWebKit/537.36 (KHTML, like Gecko) Chrome/57.0.2950.5 Safari/537.36'}
2019-03-06 19:33:39 [scrapy.extensions.telnet] INFO: Telnet Password: ba798dfe031be51d
2019-03-06 19:33:39 [scrapy.middleware] INFO: Enabled extensions:
['scrapy.extensions.corestats.CoreStats',
 'scrapy.extensions.telnet.TelnetConsole',
 'scrapy.extensions.memusage.MemoryUsage',
 'scrapy.extensions.logstats.LogStats']
2019-03-06 19:33:39 [scrapy.middleware] INFO: Enabled downloader middlewares:
['scrapy.downloadermiddlewares.httpauth.HttpAuthMiddleware',
 'scrapy.downloadermiddlewares.downloadtimeout.DownloadTimeoutMiddleware',
 'scrapy.downloadermiddlewares.defaultheaders.DefaultHeadersMiddleware',
 'scrapy.downloadermiddlewares.useragent.UserAgentMiddleware',
 'scrapy.downloadermiddlewares.retry.RetryMiddleware',
 'scrapy.downloadermiddlewares.redirect.MetaRefreshMiddleware',
 'scrapy.downloadermiddlewares.httpcompression.HttpCompressionMiddleware',
 'scrapy.downloadermiddlewares.redirect.RedirectMiddleware',
 'scrapy.downloadermiddlewares.httpproxy.HttpProxyMiddleware',
 'scrapy.downloadermiddlewares.stats.DownloaderStats']
2019-03-06 19:33:39 [scrapy.middleware] INFO: Enabled spider middlewares:
['scrapy.spidermiddlewares.httperror.HttpErrorMiddleware',
 'scrapy.spidermiddlewares.offsite.OffsiteMiddleware',
 'scrapy.spidermiddlewares.referer.RefererMiddleware',
 'scrapy.spidermiddlewares.urllength.UrlLengthMiddleware',
 'scrapy.spidermiddlewares.depth.DepthMiddleware']
2019-03-06 19:33:39 [scrapy.middleware] INFO: Enabled item pipelines:
['baidu_master.pipelines.BaiduMasterPipeline']
2019-03-06 19:33:39 [scrapy.core.engine] INFO: Spider opened
2019-03-06 19:33:39 [scrapy.extensions.logstats] INFO: Crawled 0 pages (at 0 pages/min), scraped 0 items (at 0 items/min)
2019-03-06 19:33:39 [scrapy.extensions.telnet] INFO: Telnet console listening on 127.0.0.1:6027
2019-03-06 19:33:39 [scrapy.core.engine] DEBUG: Crawled (200) <GET http://top.baidu.com/buzz?b=341&c=513&fr=topcategory_c513> (referer: None)
2019-03-06 19:33:40 [scrapy.core.engine] INFO: Closing spider (finished)
2019-03-06 19:33:40 [scrapy.statscollectors] INFO: Dumping Scrapy stats:
{'downloader/request_bytes': 326,
 'downloader/request_count': 1,
 'downloader/request_method_count/GET': 1,
 'downloader/response_bytes': 80244,
 'downloader/response_count': 1,
 'downloader/response_status_count/200': 1,
 'finish_reason': 'finished',
 'finish_time': datetime.datetime(2019, 3, 6, 11, 33, 40, 45841),
 'log_count/DEBUG': 1,
 'log_count/INFO': 9,
 'memusage/max': 50843648,
 'memusage/startup': 50843648,
 'response_received_count': 1,
 'scheduler/dequeued': 1,
 'scheduler/dequeued/memory': 1,
 'scheduler/enqueued': 1,
 'scheduler/enqueued/memory': 1,
 'start_time': datetime.datetime(2019, 3, 6, 11, 33, 39, 857885)}
2019-03-06 19:33:40 [scrapy.core.engine] INFO: Spider closed (finished)
