2019-03-13 16:14:57 [scrapy.utils.log] INFO: Scrapy 1.6.0 started (bot: baidu_slave1)
2019-03-13 16:14:57 [scrapy.utils.log] INFO: Versions: lxml 4.2.5.0, libxml2 2.9.8, cssselect 1.0.3, parsel 1.5.1, w3lib 1.19.0, Twisted 18.9.0, Python 3.7.1 (v3.7.1:260ec2c36a, Oct 20 2018, 03:13:28) - [Clang 6.0 (clang-600.0.57)], pyOpenSSL 18.0.0 (OpenSSL 1.1.0j  20 Nov 2018), cryptography 2.4.2, Platform Darwin-18.2.0-x86_64-i386-64bit
2019-03-13 16:14:57 [scrapy.crawler] INFO: Overridden settings: {'BOT_NAME': 'baidu_slave1', 'DOWNLOAD_DELAY': 3, 'DUPEFILTER_CLASS': 'scrapy_redis.dupefilter.RFPDupeFilter', 'LOG_FILE': 'logs/baidu_slave1/todayhotInfoSpider/1390ecc2456811e99681784f4378df41.log', 'NEWSPIDER_MODULE': 'baidu_slave1.spiders', 'SCHEDULER': 'scrapy_redis.scheduler.Scheduler', 'SPIDER_MODULES': ['baidu_slave1.spiders'], 'USER_AGENT': 'Mozilla/5.0 (Windows NT 6.1; Win64; x64) AppleWebKit/537.36 (KHTML, like Gecko) Chrome/57.0.2950.5 Safari/537.36'}
2019-03-13 16:14:57 [scrapy.extensions.telnet] INFO: Telnet Password: ea0973146fe07166
2019-03-13 16:14:57 [scrapy.middleware] INFO: Enabled extensions:
['scrapy.extensions.corestats.CoreStats',
 'scrapy.extensions.telnet.TelnetConsole',
 'scrapy.extensions.memusage.MemoryUsage',
 'scrapy.extensions.logstats.LogStats']
2019-03-13 16:14:57 [todayhotInfoSpider] INFO: Reading start URLs from redis key 'todayhotInfoSpider:start_urls' (batch size: 16, encoding: utf-8
2019-03-13 16:14:57 [scrapy.middleware] INFO: Enabled downloader middlewares:
['scrapy.downloadermiddlewares.httpauth.HttpAuthMiddleware',
 'scrapy.downloadermiddlewares.downloadtimeout.DownloadTimeoutMiddleware',
 'scrapy.downloadermiddlewares.defaultheaders.DefaultHeadersMiddleware',
 'scrapy.downloadermiddlewares.useragent.UserAgentMiddleware',
 'scrapy.downloadermiddlewares.retry.RetryMiddleware',
 'scrapy.downloadermiddlewares.redirect.MetaRefreshMiddleware',
 'scrapy.downloadermiddlewares.httpcompression.HttpCompressionMiddleware',
 'scrapy.downloadermiddlewares.redirect.RedirectMiddleware',
 'scrapy.downloadermiddlewares.cookies.CookiesMiddleware',
 'scrapy.downloadermiddlewares.httpproxy.HttpProxyMiddleware',
 'scrapy.downloadermiddlewares.stats.DownloaderStats']
2019-03-13 16:14:57 [scrapy.middleware] INFO: Enabled spider middlewares:
['scrapy.spidermiddlewares.httperror.HttpErrorMiddleware',
 'scrapy.spidermiddlewares.offsite.OffsiteMiddleware',
 'scrapy.spidermiddlewares.referer.RefererMiddleware',
 'scrapy.spidermiddlewares.urllength.UrlLengthMiddleware',
 'scrapy.spidermiddlewares.depth.DepthMiddleware']
2019-03-13 16:14:57 [scrapy.middleware] INFO: Enabled item pipelines:
['scrapy_redis.pipelines.RedisPipeline']
2019-03-13 16:14:57 [scrapy.core.engine] INFO: Spider opened
2019-03-13 16:14:57 [scrapy.extensions.logstats] INFO: Crawled 0 pages (at 0 pages/min), scraped 0 items (at 0 items/min)
2019-03-13 16:14:57 [scrapy.extensions.telnet] INFO: Telnet console listening on 127.0.0.1:6028
2019-03-13 16:15:57 [scrapy.extensions.logstats] INFO: Crawled 0 pages (at 0 pages/min), scraped 0 items (at 0 items/min)
2019-03-13 16:16:57 [scrapy.extensions.logstats] INFO: Crawled 0 pages (at 0 pages/min), scraped 0 items (at 0 items/min)
2019-03-13 16:17:57 [scrapy.extensions.logstats] INFO: Crawled 0 pages (at 0 pages/min), scraped 0 items (at 0 items/min)
2019-03-13 16:18:57 [scrapy.extensions.logstats] INFO: Crawled 0 pages (at 0 pages/min), scraped 0 items (at 0 items/min)
2019-03-13 16:19:57 [scrapy.extensions.logstats] INFO: Crawled 0 pages (at 0 pages/min), scraped 0 items (at 0 items/min)
2019-03-13 16:20:57 [scrapy.extensions.logstats] INFO: Crawled 0 pages (at 0 pages/min), scraped 0 items (at 0 items/min)
2019-03-13 16:21:57 [scrapy.extensions.logstats] INFO: Crawled 0 pages (at 0 pages/min), scraped 0 items (at 0 items/min)
2019-03-13 16:22:57 [scrapy.extensions.logstats] INFO: Crawled 0 pages (at 0 pages/min), scraped 0 items (at 0 items/min)
2019-03-13 16:23:57 [scrapy.extensions.logstats] INFO: Crawled 0 pages (at 0 pages/min), scraped 0 items (at 0 items/min)
2019-03-13 16:24:57 [scrapy.extensions.logstats] INFO: Crawled 0 pages (at 0 pages/min), scraped 0 items (at 0 items/min)
2019-03-13 16:25:57 [scrapy.extensions.logstats] INFO: Crawled 0 pages (at 0 pages/min), scraped 0 items (at 0 items/min)
2019-03-13 16:26:57 [scrapy.extensions.logstats] INFO: Crawled 0 pages (at 0 pages/min), scraped 0 items (at 0 items/min)
2019-03-13 16:27:57 [scrapy.extensions.logstats] INFO: Crawled 0 pages (at 0 pages/min), scraped 0 items (at 0 items/min)
2019-03-13 16:28:57 [scrapy.extensions.logstats] INFO: Crawled 0 pages (at 0 pages/min), scraped 0 items (at 0 items/min)
2019-03-13 16:29:57 [scrapy.extensions.logstats] INFO: Crawled 0 pages (at 0 pages/min), scraped 0 items (at 0 items/min)
2019-03-13 16:30:57 [scrapy.extensions.logstats] INFO: Crawled 0 pages (at 0 pages/min), scraped 0 items (at 0 items/min)
2019-03-13 16:31:57 [scrapy.extensions.logstats] INFO: Crawled 0 pages (at 0 pages/min), scraped 0 items (at 0 items/min)
2019-03-13 16:32:57 [scrapy.extensions.logstats] INFO: Crawled 0 pages (at 0 pages/min), scraped 0 items (at 0 items/min)
2019-03-13 16:33:57 [scrapy.extensions.logstats] INFO: Crawled 0 pages (at 0 pages/min), scraped 0 items (at 0 items/min)
2019-03-13 16:34:13 [todayhotInfoSpider] DEBUG: Read 16 requests from 'todayhotInfoSpider:start_urls'
2019-03-13 16:34:13 [scrapy.core.engine] DEBUG: Crawled (200) <GET http://www.baidu.com/baidu?cl=3&tn=SE_baiduhomet8_jmjb7mjw&rsv_dl=fyb_top&fr=top1000&wd=%B8%C4%C7%A9%CE%F3%B2%A612309> (referer: None)
2019-03-13 16:34:17 [scrapy.core.engine] DEBUG: Crawled (200) <GET http://www.baidu.com/baidu?cl=3&tn=SE_baiduhomet8_jmjb7mjw&rsv_dl=fyb_top&fr=top1000&wd=%B1%C8%B2%AE%C9%B9%BB%E9%BA%F3%C9%FA%BB%EE> (referer: None)
2019-03-13 16:34:19 [scrapy.core.engine] DEBUG: Crawled (200) <GET http://www.baidu.com/baidu?cl=3&tn=SE_baiduhomet8_jmjb7mjw&rsv_dl=fyb_top&fr=top1000&wd=%CA%A4%C0%FB%CD%CB%B3%F6%D1%DD%D2%D5%C8%A6> (referer: None)
2019-03-13 16:34:24 [scrapy.core.engine] DEBUG: Crawled (200) <GET http://www.baidu.com/baidu?cl=3&tn=SE_baiduhomet8_jmjb7mjw&rsv_dl=fyb_top&fr=top1000&wd=%CC%C6%E6%CC%B8%F4%B2%A3%C1%A7%B1%C8%D0%C4> (referer: None)
2019-03-13 16:34:28 [scrapy.core.engine] DEBUG: Crawled (200) <GET http://www.baidu.com/baidu?cl=3&tn=SE_baiduhomet8_jmjb7mjw&rsv_dl=fyb_top&fr=top1000&wd=%CD%F4%B7%E5%C5%AE%B6%F9%D2%C9%D4%E7%C1%B5> (referer: None)
2019-03-13 16:34:31 [scrapy.core.engine] DEBUG: Crawled (200) <GET http://www.baidu.com/baidu?cl=3&tn=SE_baiduhomet8_jmjb7mjw&rsv_dl=fyb_top&fr=top1000&wd=%D5%D4%C0%F6%D3%B1%B2%FA%BA%F3%B3%F6%D4%BA> (referer: None)
2019-03-13 16:34:34 [scrapy.core.engine] DEBUG: Crawled (200) <GET http://www.baidu.com/baidu?cl=3&tn=SE_baiduhomet8_jmjb7mjw&rsv_dl=fyb_top&fr=top1000&wd=%C0%D6%CC%EC%BD%F6%CA%A33%BC%D2%C3%C5%B5%EA> (referer: None)
2019-03-13 16:34:37 [scrapy.core.engine] DEBUG: Crawled (200) <GET http://www.baidu.com/baidu?cl=3&tn=SE_baiduhomet8_jmjb7mjw&rsv_dl=fyb_top&fr=top1000&wd=%B0%A3%BA%BD%D3%F6%C4%D1%B3%CB%BF%CD%C9%ED%B7%DD> (referer: None)
2019-03-13 16:34:42 [scrapy.core.engine] DEBUG: Crawled (200) <GET http://www.baidu.com/baidu?cl=3&tn=SE_baiduhomet8_jmjb7mjw&rsv_dl=fyb_top&fr=top1000&wd=%B0%A3%BA%BD%D7%B9%BB%FA%CF%D6%B3%A1%C6%D8%B9%E2> (referer: None)
2019-03-13 16:34:45 [scrapy.core.engine] DEBUG: Crawled (200) <GET http://www.baidu.com/baidu?cl=3&tn=SE_baiduhomet8_jmjb7mjw&rsv_dl=fyb_top&fr=top1000&wd=%B7%B6%B1%F9%B1%F9%D2%C9%B0%DD%B7%C3%BA%E3%B4%F3> (referer: None)
2019-03-13 16:34:48 [scrapy.core.engine] DEBUG: Crawled (200) <GET http://www.baidu.com/baidu?cl=3&tn=SE_baiduhomet8_jmjb7mjw&rsv_dl=fyb_top&fr=top1000&wd=%B9%D8%D6%AE%C1%D5%BA%FA%BE%FC%C7%EC%B9%A6%D1%E7> (referer: None)
2019-03-13 16:34:52 [scrapy.core.engine] DEBUG: Crawled (200) <GET http://www.baidu.com/baidu?cl=3&tn=SE_baiduhomet8_jmjb7mjw&rsv_dl=fyb_top&fr=top1000&wd=%BA%FA%B1%F8%D2%C9%CB%C6%B9%AB%B2%BC%C1%B5%C7%E9> (referer: None)
2019-03-13 16:34:54 [scrapy.core.engine] DEBUG: Crawled (200) <GET http://www.baidu.com/baidu?cl=3&tn=SE_baiduhomet8_jmjb7mjw&rsv_dl=fyb_top&fr=top1000&wd=%BB%C6%B4%F3%CF%DC%B1%BB%C8%A1%CF%FB%B3%C9%BC%A8> (referer: None)
2019-03-13 16:34:57 [scrapy.extensions.logstats] INFO: Crawled 13 pages (at 13 pages/min), scraped 0 items (at 0 items/min)
2019-03-13 16:35:00 [scrapy.core.engine] DEBUG: Crawled (200) <GET http://www.baidu.com/baidu?cl=3&tn=SE_baiduhomet8_jmjb7mjw&rsv_dl=fyb_top&fr=top1000&wd=%C5%AE%B4%F3%D1%A7%C9%FA%B0%A3%BA%BD%D3%F6%C4%D1> (referer: None)
2019-03-13 16:35:01 [scrapy.core.engine] DEBUG: Crawled (200) <GET http://www.baidu.com/baidu?cl=3&tn=SE_baiduhomet8_jmjb7mjw&rsv_dl=fyb_top&fr=top1000&wd=%C7%B1%CB%AE%D4%B1%B1%BB%BE%A8%D3%E3%CD%CC%C8%EB> (referer: None)
2019-03-13 16:35:57 [scrapy.extensions.logstats] INFO: Crawled 15 pages (at 2 pages/min), scraped 0 items (at 0 items/min)
2019-03-13 16:36:57 [scrapy.extensions.logstats] INFO: Crawled 15 pages (at 0 pages/min), scraped 0 items (at 0 items/min)
2019-03-13 16:37:57 [scrapy.extensions.logstats] INFO: Crawled 15 pages (at 0 pages/min), scraped 0 items (at 0 items/min)
2019-03-13 16:37:57 [todayhotInfoSpider] DEBUG: Read 16 requests from 'todayhotInfoSpider:start_urls'
2019-03-13 16:37:58 [scrapy.core.engine] DEBUG: Crawled (200) <GET http://www.baidu.com/baidu?cl=3&tn=SE_baiduhomet8_jmjb7mjw&rsv_dl=fyb_top&fr=top1000&wd=%B0%A3%BA%BD%BF%CD%BB%FA%CA%A7%CA%C2> (referer: None)
2019-03-13 16:38:02 [scrapy.core.engine] DEBUG: Crawled (200) <GET http://www.baidu.com/baidu?cl=3&tn=SE_baiduhomet8_jmjb7mjw&rsv_dl=fyb_top&fr=top1000&wd=%B0%C2%C9%B3%C0%FB%CE%C4%B6%E1%B9%DA> (referer: None)
2019-03-13 16:38:04 [scrapy.core.engine] DEBUG: Crawled (200) <GET http://www.baidu.com/baidu?cl=3&tn=SE_baiduhomet8_jmjb7mjw&rsv_dl=fyb_top&fr=top1000&wd=%BA%AB%B9%FA%C7%B0%D7%DC%CD%B3%CA%DC%C9%F3> (referer: None)
2019-03-13 16:38:09 [scrapy.core.engine] DEBUG: Crawled (200) <GET http://www.baidu.com/baidu?cl=3&tn=SE_baiduhomet8_jmjb7mjw&rsv_dl=fyb_top&fr=top1000&wd=%C8%CB%C8%CB%B3%B5%BB%D8%D3%A6%D2%EC%B3%A3> (referer: None)
2019-03-13 16:38:14 [scrapy.core.engine] DEBUG: Crawled (200) <GET http://www.baidu.com/baidu?cl=3&tn=SE_baiduhomet8_jmjb7mjw&rsv_dl=fyb_top&fr=top1000&wd=%D5%D4%B1%BE%C9%BD%B6%F9%D7%D3%BC%F5%B7%CA> (referer: None)
2019-03-13 16:38:16 [scrapy.core.engine] DEBUG: Crawled (200) <GET http://www.baidu.com/baidu?cl=3&tn=SE_baiduhomet8_jmjb7mjw&rsv_dl=fyb_top&fr=top1000&wd=%C8%D5%B1%BE%B4%F3%B5%D8%D5%F08%D6%DC%C4%EA> (referer: None)
2019-03-13 16:38:20 [scrapy.core.engine] DEBUG: Crawled (200) <GET http://www.baidu.com/baidu?cl=3&tn=SE_baiduhomet8_jmjb7mjw&rsv_dl=fyb_top&fr=top1000&wd=%B0%A3%BA%BD%BA%DA%CF%BB%D7%D3%D2%D1%D5%D2%B5%BD> (referer: None)
2019-03-13 16:38:22 [scrapy.core.engine] DEBUG: Crawled (200) <GET http://www.baidu.com/baidu?cl=3&tn=SE_baiduhomet8_jmjb7mjw&rsv_dl=fyb_top&fr=top1000&wd=%B5%DA%D2%BB%CC%F5%D6%C7%C4%DC%BB%AF%B8%DF%CC%FA> (referer: None)
2019-03-13 16:38:25 [scrapy.core.engine] DEBUG: Crawled (200) <GET http://www.baidu.com/baidu?cl=3&tn=SE_baiduhomet8_jmjb7mjw&rsv_dl=fyb_top&fr=top1000&wd=%B6%C5%C0%BC%CC%D8%D3%D2%BD%C5%F5%D7%B4%EC%C9%CB> (referer: None)
2019-03-13 16:38:29 [scrapy.core.engine] DEBUG: Crawled (200) <GET http://www.baidu.com/baidu?cl=3&tn=SE_baiduhomet8_jmjb7mjw&rsv_dl=fyb_top&fr=top1000&wd=%B7%A2%D0%CD%CA%A6%D6%DC%BD%DC%C2%D7%C9%CF%CF%DF> (referer: None)
2019-03-13 16:38:32 [scrapy.core.engine] DEBUG: Crawled (200) <GET http://www.baidu.com/baidu?cl=3&tn=SE_baiduhomet8_jmjb7mjw&rsv_dl=fyb_top&fr=top1000&wd=%C1%AA%BA%CF%B9%FA%B9%A4%D7%F7%D5%DF%D3%F6%C4%D1> (referer: None)
2019-03-13 16:38:36 [scrapy.core.engine] DEBUG: Crawled (200) <GET http://www.baidu.com/baidu?cl=3&tn=SE_baiduhomet8_jmjb7mjw&rsv_dl=fyb_top&fr=top1000&wd=%C4%C2%C0%EF%C4%E1%B0%C2%BB%D8%B9%E9%BB%CA%C2%ED> (referer: None)
2019-03-13 16:38:40 [scrapy.core.engine] DEBUG: Crawled (200) <GET http://www.baidu.com/baidu?cl=3&tn=SE_baiduhomet8_jmjb7mjw&rsv_dl=fyb_top&fr=top1000&wd=%CA%D7%BF%AA%B7%BF%B5%D8%D6%D8%D7%E9%BA%CF%B2%A2> (referer: None)
2019-03-13 16:38:43 [scrapy.core.engine] DEBUG: Crawled (200) <GET http://www.baidu.com/baidu?cl=3&tn=SE_baiduhomet8_jmjb7mjw&rsv_dl=fyb_top&fr=top1000&wd=%CD%F5%BF%AD%BB%C6%D0%F9%CA%C0%BC%CD%CE%D5%CA%D6> (referer: None)
2019-03-13 16:38:46 [scrapy.core.engine] DEBUG: Crawled (200) <GET http://www.baidu.com/baidu?cl=3&tn=SE_baiduhomet8_jmjb7mjw&rsv_dl=fyb_top&fr=top1000&wd=%C8%AB%B9%FA%C6%F3%D2%B5%D0%C5%D3%C3%D0%C5%CF%A2%B9%AB%CA%BE%CF%B5%CD%B3> (referer: None)
2019-03-13 16:38:57 [scrapy.extensions.logstats] INFO: Crawled 30 pages (at 15 pages/min), scraped 0 items (at 0 items/min)
2019-03-13 16:39:57 [scrapy.extensions.logstats] INFO: Crawled 30 pages (at 0 pages/min), scraped 0 items (at 0 items/min)
2019-03-13 16:40:57 [scrapy.extensions.logstats] INFO: Crawled 30 pages (at 0 pages/min), scraped 0 items (at 0 items/min)
2019-03-13 16:41:57 [scrapy.extensions.logstats] INFO: Crawled 30 pages (at 0 pages/min), scraped 0 items (at 0 items/min)
2019-03-13 16:42:57 [scrapy.extensions.logstats] INFO: Crawled 30 pages (at 0 pages/min), scraped 0 items (at 0 items/min)
2019-03-13 16:43:57 [scrapy.extensions.logstats] INFO: Crawled 30 pages (at 0 pages/min), scraped 0 items (at 0 items/min)
2019-03-13 16:44:57 [scrapy.extensions.logstats] INFO: Crawled 30 pages (at 0 pages/min), scraped 0 items (at 0 items/min)
2019-03-13 16:45:57 [scrapy.extensions.logstats] INFO: Crawled 30 pages (at 0 pages/min), scraped 0 items (at 0 items/min)
2019-03-13 16:46:57 [scrapy.extensions.logstats] INFO: Crawled 30 pages (at 0 pages/min), scraped 0 items (at 0 items/min)
2019-03-13 16:47:57 [scrapy.extensions.logstats] INFO: Crawled 30 pages (at 0 pages/min), scraped 0 items (at 0 items/min)
2019-03-13 16:48:57 [scrapy.extensions.logstats] INFO: Crawled 30 pages (at 0 pages/min), scraped 0 items (at 0 items/min)
2019-03-13 16:49:57 [scrapy.extensions.logstats] INFO: Crawled 30 pages (at 0 pages/min), scraped 0 items (at 0 items/min)
2019-03-13 16:50:57 [scrapy.extensions.logstats] INFO: Crawled 30 pages (at 0 pages/min), scraped 0 items (at 0 items/min)
2019-03-13 16:51:57 [scrapy.extensions.logstats] INFO: Crawled 30 pages (at 0 pages/min), scraped 0 items (at 0 items/min)
2019-03-13 16:52:57 [scrapy.extensions.logstats] INFO: Crawled 30 pages (at 0 pages/min), scraped 0 items (at 0 items/min)
2019-03-13 16:53:57 [scrapy.extensions.logstats] INFO: Crawled 30 pages (at 0 pages/min), scraped 0 items (at 0 items/min)
2019-03-13 16:54:57 [scrapy.extensions.logstats] INFO: Crawled 30 pages (at 0 pages/min), scraped 0 items (at 0 items/min)
2019-03-13 16:55:57 [scrapy.extensions.logstats] INFO: Crawled 30 pages (at 0 pages/min), scraped 0 items (at 0 items/min)
2019-03-13 16:56:57 [scrapy.extensions.logstats] INFO: Crawled 30 pages (at 0 pages/min), scraped 0 items (at 0 items/min)
2019-03-13 16:57:57 [scrapy.extensions.logstats] INFO: Crawled 30 pages (at 0 pages/min), scraped 0 items (at 0 items/min)
2019-03-13 16:58:57 [scrapy.extensions.logstats] INFO: Crawled 30 pages (at 0 pages/min), scraped 0 items (at 0 items/min)
2019-03-13 16:59:57 [scrapy.extensions.logstats] INFO: Crawled 30 pages (at 0 pages/min), scraped 0 items (at 0 items/min)
2019-03-13 17:00:57 [scrapy.extensions.logstats] INFO: Crawled 30 pages (at 0 pages/min), scraped 0 items (at 0 items/min)
2019-03-13 17:01:57 [scrapy.extensions.logstats] INFO: Crawled 30 pages (at 0 pages/min), scraped 0 items (at 0 items/min)
2019-03-13 17:02:57 [scrapy.extensions.logstats] INFO: Crawled 30 pages (at 0 pages/min), scraped 0 items (at 0 items/min)
2019-03-13 17:03:57 [scrapy.extensions.logstats] INFO: Crawled 30 pages (at 0 pages/min), scraped 0 items (at 0 items/min)
2019-03-13 17:04:57 [scrapy.extensions.logstats] INFO: Crawled 30 pages (at 0 pages/min), scraped 0 items (at 0 items/min)
2019-03-13 17:05:57 [scrapy.extensions.logstats] INFO: Crawled 30 pages (at 0 pages/min), scraped 0 items (at 0 items/min)
2019-03-13 17:06:57 [scrapy.extensions.logstats] INFO: Crawled 30 pages (at 0 pages/min), scraped 0 items (at 0 items/min)
2019-03-13 17:07:57 [scrapy.extensions.logstats] INFO: Crawled 30 pages (at 0 pages/min), scraped 0 items (at 0 items/min)
2019-03-13 17:08:57 [scrapy.extensions.logstats] INFO: Crawled 30 pages (at 0 pages/min), scraped 0 items (at 0 items/min)
2019-03-13 17:09:57 [scrapy.extensions.logstats] INFO: Crawled 30 pages (at 0 pages/min), scraped 0 items (at 0 items/min)
2019-03-13 17:10:57 [scrapy.extensions.logstats] INFO: Crawled 30 pages (at 0 pages/min), scraped 0 items (at 0 items/min)
2019-03-13 17:11:57 [scrapy.extensions.logstats] INFO: Crawled 30 pages (at 0 pages/min), scraped 0 items (at 0 items/min)
2019-03-13 17:12:57 [scrapy.extensions.logstats] INFO: Crawled 30 pages (at 0 pages/min), scraped 0 items (at 0 items/min)
2019-03-13 17:13:57 [scrapy.extensions.logstats] INFO: Crawled 30 pages (at 0 pages/min), scraped 0 items (at 0 items/min)
2019-03-13 17:14:57 [scrapy.extensions.logstats] INFO: Crawled 30 pages (at 0 pages/min), scraped 0 items (at 0 items/min)
2019-03-13 17:15:57 [scrapy.extensions.logstats] INFO: Crawled 30 pages (at 0 pages/min), scraped 0 items (at 0 items/min)
2019-03-13 17:16:57 [scrapy.extensions.logstats] INFO: Crawled 30 pages (at 0 pages/min), scraped 0 items (at 0 items/min)
2019-03-13 17:17:57 [scrapy.extensions.logstats] INFO: Crawled 30 pages (at 0 pages/min), scraped 0 items (at 0 items/min)
2019-03-13 17:18:57 [scrapy.extensions.logstats] INFO: Crawled 30 pages (at 0 pages/min), scraped 0 items (at 0 items/min)
2019-03-13 17:19:57 [scrapy.extensions.logstats] INFO: Crawled 30 pages (at 0 pages/min), scraped 0 items (at 0 items/min)
2019-03-13 17:20:57 [scrapy.extensions.logstats] INFO: Crawled 30 pages (at 0 pages/min), scraped 0 items (at 0 items/min)
2019-03-13 17:21:57 [scrapy.extensions.logstats] INFO: Crawled 30 pages (at 0 pages/min), scraped 0 items (at 0 items/min)
2019-03-13 17:22:57 [scrapy.extensions.logstats] INFO: Crawled 30 pages (at 0 pages/min), scraped 0 items (at 0 items/min)
2019-03-13 17:23:57 [scrapy.extensions.logstats] INFO: Crawled 30 pages (at 0 pages/min), scraped 0 items (at 0 items/min)
2019-03-13 17:24:57 [scrapy.extensions.logstats] INFO: Crawled 30 pages (at 0 pages/min), scraped 0 items (at 0 items/min)
2019-03-13 17:25:57 [scrapy.extensions.logstats] INFO: Crawled 30 pages (at 0 pages/min), scraped 0 items (at 0 items/min)
2019-03-13 17:26:57 [scrapy.extensions.logstats] INFO: Crawled 30 pages (at 0 pages/min), scraped 0 items (at 0 items/min)
2019-03-13 17:27:57 [scrapy.extensions.logstats] INFO: Crawled 30 pages (at 0 pages/min), scraped 0 items (at 0 items/min)
2019-03-13 17:28:57 [scrapy.extensions.logstats] INFO: Crawled 30 pages (at 0 pages/min), scraped 0 items (at 0 items/min)
2019-03-13 17:29:57 [scrapy.extensions.logstats] INFO: Crawled 30 pages (at 0 pages/min), scraped 0 items (at 0 items/min)
2019-03-13 17:30:57 [scrapy.extensions.logstats] INFO: Crawled 30 pages (at 0 pages/min), scraped 0 items (at 0 items/min)
2019-03-13 17:31:57 [scrapy.extensions.logstats] INFO: Crawled 30 pages (at 0 pages/min), scraped 0 items (at 0 items/min)
2019-03-13 17:32:57 [scrapy.extensions.logstats] INFO: Crawled 30 pages (at 0 pages/min), scraped 0 items (at 0 items/min)
2019-03-13 17:33:57 [scrapy.extensions.logstats] INFO: Crawled 30 pages (at 0 pages/min), scraped 0 items (at 0 items/min)
2019-03-13 17:34:57 [scrapy.extensions.logstats] INFO: Crawled 30 pages (at 0 pages/min), scraped 0 items (at 0 items/min)
2019-03-13 17:35:57 [scrapy.extensions.logstats] INFO: Crawled 30 pages (at 0 pages/min), scraped 0 items (at 0 items/min)
2019-03-13 17:36:57 [scrapy.extensions.logstats] INFO: Crawled 30 pages (at 0 pages/min), scraped 0 items (at 0 items/min)
2019-03-13 17:37:57 [scrapy.extensions.logstats] INFO: Crawled 30 pages (at 0 pages/min), scraped 0 items (at 0 items/min)
2019-03-13 17:38:57 [scrapy.extensions.logstats] INFO: Crawled 30 pages (at 0 pages/min), scraped 0 items (at 0 items/min)
2019-03-13 17:39:57 [scrapy.extensions.logstats] INFO: Crawled 30 pages (at 0 pages/min), scraped 0 items (at 0 items/min)
2019-03-13 17:40:57 [scrapy.extensions.logstats] INFO: Crawled 30 pages (at 0 pages/min), scraped 0 items (at 0 items/min)
2019-03-13 17:41:57 [scrapy.extensions.logstats] INFO: Crawled 30 pages (at 0 pages/min), scraped 0 items (at 0 items/min)
2019-03-13 17:42:57 [scrapy.extensions.logstats] INFO: Crawled 30 pages (at 0 pages/min), scraped 0 items (at 0 items/min)
2019-03-13 17:43:57 [scrapy.extensions.logstats] INFO: Crawled 30 pages (at 0 pages/min), scraped 0 items (at 0 items/min)
2019-03-13 17:44:57 [scrapy.extensions.logstats] INFO: Crawled 30 pages (at 0 pages/min), scraped 0 items (at 0 items/min)
2019-03-13 17:45:57 [scrapy.extensions.logstats] INFO: Crawled 30 pages (at 0 pages/min), scraped 0 items (at 0 items/min)
2019-03-13 17:46:57 [scrapy.extensions.logstats] INFO: Crawled 30 pages (at 0 pages/min), scraped 0 items (at 0 items/min)
2019-03-13 17:47:57 [scrapy.extensions.logstats] INFO: Crawled 30 pages (at 0 pages/min), scraped 0 items (at 0 items/min)
2019-03-13 17:48:57 [scrapy.extensions.logstats] INFO: Crawled 30 pages (at 0 pages/min), scraped 0 items (at 0 items/min)
2019-03-13 17:49:57 [scrapy.extensions.logstats] INFO: Crawled 30 pages (at 0 pages/min), scraped 0 items (at 0 items/min)
2019-03-13 17:50:57 [scrapy.extensions.logstats] INFO: Crawled 30 pages (at 0 pages/min), scraped 0 items (at 0 items/min)
2019-03-13 17:51:57 [scrapy.extensions.logstats] INFO: Crawled 30 pages (at 0 pages/min), scraped 0 items (at 0 items/min)
2019-03-13 17:52:57 [scrapy.extensions.logstats] INFO: Crawled 30 pages (at 0 pages/min), scraped 0 items (at 0 items/min)
2019-03-13 17:53:57 [scrapy.extensions.logstats] INFO: Crawled 30 pages (at 0 pages/min), scraped 0 items (at 0 items/min)
2019-03-13 17:54:57 [scrapy.extensions.logstats] INFO: Crawled 30 pages (at 0 pages/min), scraped 0 items (at 0 items/min)
2019-03-13 17:55:57 [scrapy.extensions.logstats] INFO: Crawled 30 pages (at 0 pages/min), scraped 0 items (at 0 items/min)
2019-03-13 17:56:57 [scrapy.extensions.logstats] INFO: Crawled 30 pages (at 0 pages/min), scraped 0 items (at 0 items/min)
2019-03-13 17:57:57 [scrapy.extensions.logstats] INFO: Crawled 30 pages (at 0 pages/min), scraped 0 items (at 0 items/min)
2019-03-13 17:58:57 [scrapy.extensions.logstats] INFO: Crawled 30 pages (at 0 pages/min), scraped 0 items (at 0 items/min)
2019-03-13 17:59:57 [scrapy.extensions.logstats] INFO: Crawled 30 pages (at 0 pages/min), scraped 0 items (at 0 items/min)
2019-03-13 18:00:57 [scrapy.extensions.logstats] INFO: Crawled 30 pages (at 0 pages/min), scraped 0 items (at 0 items/min)
2019-03-13 18:01:57 [scrapy.extensions.logstats] INFO: Crawled 30 pages (at 0 pages/min), scraped 0 items (at 0 items/min)
2019-03-13 18:02:57 [scrapy.extensions.logstats] INFO: Crawled 30 pages (at 0 pages/min), scraped 0 items (at 0 items/min)
2019-03-13 18:03:57 [scrapy.extensions.logstats] INFO: Crawled 30 pages (at 0 pages/min), scraped 0 items (at 0 items/min)
2019-03-13 18:04:57 [scrapy.extensions.logstats] INFO: Crawled 30 pages (at 0 pages/min), scraped 0 items (at 0 items/min)
2019-03-13 18:05:57 [scrapy.extensions.logstats] INFO: Crawled 30 pages (at 0 pages/min), scraped 0 items (at 0 items/min)
2019-03-13 18:06:57 [scrapy.extensions.logstats] INFO: Crawled 30 pages (at 0 pages/min), scraped 0 items (at 0 items/min)
2019-03-13 18:07:57 [scrapy.extensions.logstats] INFO: Crawled 30 pages (at 0 pages/min), scraped 0 items (at 0 items/min)
2019-03-13 18:08:57 [scrapy.extensions.logstats] INFO: Crawled 30 pages (at 0 pages/min), scraped 0 items (at 0 items/min)
2019-03-13 18:09:57 [scrapy.extensions.logstats] INFO: Crawled 30 pages (at 0 pages/min), scraped 0 items (at 0 items/min)
2019-03-13 18:10:57 [scrapy.extensions.logstats] INFO: Crawled 30 pages (at 0 pages/min), scraped 0 items (at 0 items/min)
2019-03-13 18:11:57 [scrapy.extensions.logstats] INFO: Crawled 30 pages (at 0 pages/min), scraped 0 items (at 0 items/min)
2019-03-13 18:12:57 [scrapy.extensions.logstats] INFO: Crawled 30 pages (at 0 pages/min), scraped 0 items (at 0 items/min)
2019-03-13 18:13:57 [scrapy.extensions.logstats] INFO: Crawled 30 pages (at 0 pages/min), scraped 0 items (at 0 items/min)
2019-03-13 18:14:57 [scrapy.extensions.logstats] INFO: Crawled 30 pages (at 0 pages/min), scraped 0 items (at 0 items/min)
2019-03-13 18:15:57 [scrapy.extensions.logstats] INFO: Crawled 30 pages (at 0 pages/min), scraped 0 items (at 0 items/min)
2019-03-13 18:16:57 [scrapy.extensions.logstats] INFO: Crawled 30 pages (at 0 pages/min), scraped 0 items (at 0 items/min)
2019-03-13 18:17:57 [scrapy.extensions.logstats] INFO: Crawled 30 pages (at 0 pages/min), scraped 0 items (at 0 items/min)
2019-03-13 18:18:57 [scrapy.extensions.logstats] INFO: Crawled 30 pages (at 0 pages/min), scraped 0 items (at 0 items/min)
2019-03-13 18:19:57 [scrapy.extensions.logstats] INFO: Crawled 30 pages (at 0 pages/min), scraped 0 items (at 0 items/min)
2019-03-13 18:20:57 [scrapy.extensions.logstats] INFO: Crawled 30 pages (at 0 pages/min), scraped 0 items (at 0 items/min)
2019-03-13 18:21:57 [scrapy.extensions.logstats] INFO: Crawled 30 pages (at 0 pages/min), scraped 0 items (at 0 items/min)
2019-03-13 18:22:57 [scrapy.extensions.logstats] INFO: Crawled 30 pages (at 0 pages/min), scraped 0 items (at 0 items/min)
2019-03-13 18:23:57 [scrapy.extensions.logstats] INFO: Crawled 30 pages (at 0 pages/min), scraped 0 items (at 0 items/min)
2019-03-13 18:24:57 [scrapy.extensions.logstats] INFO: Crawled 30 pages (at 0 pages/min), scraped 0 items (at 0 items/min)
2019-03-13 18:25:57 [scrapy.extensions.logstats] INFO: Crawled 30 pages (at 0 pages/min), scraped 0 items (at 0 items/min)
2019-03-13 18:26:57 [scrapy.extensions.logstats] INFO: Crawled 30 pages (at 0 pages/min), scraped 0 items (at 0 items/min)
2019-03-13 18:27:57 [scrapy.extensions.logstats] INFO: Crawled 30 pages (at 0 pages/min), scraped 0 items (at 0 items/min)
2019-03-13 18:28:57 [scrapy.extensions.logstats] INFO: Crawled 30 pages (at 0 pages/min), scraped 0 items (at 0 items/min)
2019-03-13 18:29:57 [scrapy.extensions.logstats] INFO: Crawled 30 pages (at 0 pages/min), scraped 0 items (at 0 items/min)
2019-03-13 18:30:57 [scrapy.extensions.logstats] INFO: Crawled 30 pages (at 0 pages/min), scraped 0 items (at 0 items/min)
2019-03-13 18:31:57 [scrapy.extensions.logstats] INFO: Crawled 30 pages (at 0 pages/min), scraped 0 items (at 0 items/min)
2019-03-13 18:32:57 [scrapy.extensions.logstats] INFO: Crawled 30 pages (at 0 pages/min), scraped 0 items (at 0 items/min)
2019-03-13 18:33:57 [scrapy.extensions.logstats] INFO: Crawled 30 pages (at 0 pages/min), scraped 0 items (at 0 items/min)
2019-03-13 18:34:57 [scrapy.extensions.logstats] INFO: Crawled 30 pages (at 0 pages/min), scraped 0 items (at 0 items/min)
2019-03-13 18:35:57 [scrapy.extensions.logstats] INFO: Crawled 30 pages (at 0 pages/min), scraped 0 items (at 0 items/min)
2019-03-13 18:36:57 [scrapy.extensions.logstats] INFO: Crawled 30 pages (at 0 pages/min), scraped 0 items (at 0 items/min)
2019-03-13 18:37:57 [scrapy.extensions.logstats] INFO: Crawled 30 pages (at 0 pages/min), scraped 0 items (at 0 items/min)
2019-03-13 18:38:57 [scrapy.extensions.logstats] INFO: Crawled 30 pages (at 0 pages/min), scraped 0 items (at 0 items/min)
2019-03-13 18:39:57 [scrapy.extensions.logstats] INFO: Crawled 30 pages (at 0 pages/min), scraped 0 items (at 0 items/min)
2019-03-13 18:40:57 [scrapy.extensions.logstats] INFO: Crawled 30 pages (at 0 pages/min), scraped 0 items (at 0 items/min)
2019-03-13 18:41:57 [scrapy.extensions.logstats] INFO: Crawled 30 pages (at 0 pages/min), scraped 0 items (at 0 items/min)
2019-03-13 18:42:57 [scrapy.extensions.logstats] INFO: Crawled 30 pages (at 0 pages/min), scraped 0 items (at 0 items/min)
2019-03-13 18:43:57 [scrapy.extensions.logstats] INFO: Crawled 30 pages (at 0 pages/min), scraped 0 items (at 0 items/min)
2019-03-13 18:44:57 [scrapy.extensions.logstats] INFO: Crawled 30 pages (at 0 pages/min), scraped 0 items (at 0 items/min)
2019-03-13 18:45:57 [scrapy.extensions.logstats] INFO: Crawled 30 pages (at 0 pages/min), scraped 0 items (at 0 items/min)
2019-03-13 18:46:57 [scrapy.extensions.logstats] INFO: Crawled 30 pages (at 0 pages/min), scraped 0 items (at 0 items/min)
2019-03-13 18:47:57 [scrapy.extensions.logstats] INFO: Crawled 30 pages (at 0 pages/min), scraped 0 items (at 0 items/min)
2019-03-13 18:48:57 [scrapy.extensions.logstats] INFO: Crawled 30 pages (at 0 pages/min), scraped 0 items (at 0 items/min)
2019-03-13 18:49:57 [scrapy.extensions.logstats] INFO: Crawled 30 pages (at 0 pages/min), scraped 0 items (at 0 items/min)
2019-03-13 18:50:57 [scrapy.extensions.logstats] INFO: Crawled 30 pages (at 0 pages/min), scraped 0 items (at 0 items/min)
2019-03-13 18:51:57 [scrapy.extensions.logstats] INFO: Crawled 30 pages (at 0 pages/min), scraped 0 items (at 0 items/min)
2019-03-13 18:52:57 [scrapy.extensions.logstats] INFO: Crawled 30 pages (at 0 pages/min), scraped 0 items (at 0 items/min)
2019-03-13 18:53:57 [scrapy.extensions.logstats] INFO: Crawled 30 pages (at 0 pages/min), scraped 0 items (at 0 items/min)
2019-03-13 18:54:57 [scrapy.extensions.logstats] INFO: Crawled 30 pages (at 0 pages/min), scraped 0 items (at 0 items/min)
2019-03-13 18:55:57 [scrapy.extensions.logstats] INFO: Crawled 30 pages (at 0 pages/min), scraped 0 items (at 0 items/min)
2019-03-13 18:56:57 [scrapy.extensions.logstats] INFO: Crawled 30 pages (at 0 pages/min), scraped 0 items (at 0 items/min)
2019-03-13 18:57:57 [scrapy.extensions.logstats] INFO: Crawled 30 pages (at 0 pages/min), scraped 0 items (at 0 items/min)
2019-03-13 18:58:57 [scrapy.extensions.logstats] INFO: Crawled 30 pages (at 0 pages/min), scraped 0 items (at 0 items/min)
2019-03-13 18:59:57 [scrapy.extensions.logstats] INFO: Crawled 30 pages (at 0 pages/min), scraped 0 items (at 0 items/min)
2019-03-13 19:00:57 [scrapy.extensions.logstats] INFO: Crawled 30 pages (at 0 pages/min), scraped 0 items (at 0 items/min)
2019-03-13 19:01:57 [scrapy.extensions.logstats] INFO: Crawled 30 pages (at 0 pages/min), scraped 0 items (at 0 items/min)
2019-03-13 19:02:57 [scrapy.extensions.logstats] INFO: Crawled 30 pages (at 0 pages/min), scraped 0 items (at 0 items/min)
2019-03-13 19:03:57 [scrapy.extensions.logstats] INFO: Crawled 30 pages (at 0 pages/min), scraped 0 items (at 0 items/min)
2019-03-13 19:04:57 [scrapy.extensions.logstats] INFO: Crawled 30 pages (at 0 pages/min), scraped 0 items (at 0 items/min)
2019-03-13 19:05:57 [scrapy.extensions.logstats] INFO: Crawled 30 pages (at 0 pages/min), scraped 0 items (at 0 items/min)
2019-03-13 19:06:57 [scrapy.extensions.logstats] INFO: Crawled 30 pages (at 0 pages/min), scraped 0 items (at 0 items/min)
2019-03-13 19:07:57 [scrapy.extensions.logstats] INFO: Crawled 30 pages (at 0 pages/min), scraped 0 items (at 0 items/min)
2019-03-13 19:08:57 [scrapy.extensions.logstats] INFO: Crawled 30 pages (at 0 pages/min), scraped 0 items (at 0 items/min)
2019-03-13 19:09:57 [scrapy.extensions.logstats] INFO: Crawled 30 pages (at 0 pages/min), scraped 0 items (at 0 items/min)
2019-03-13 19:10:57 [scrapy.extensions.logstats] INFO: Crawled 30 pages (at 0 pages/min), scraped 0 items (at 0 items/min)
2019-03-13 19:11:57 [scrapy.extensions.logstats] INFO: Crawled 30 pages (at 0 pages/min), scraped 0 items (at 0 items/min)
2019-03-13 19:12:57 [scrapy.extensions.logstats] INFO: Crawled 30 pages (at 0 pages/min), scraped 0 items (at 0 items/min)
2019-03-13 19:13:57 [scrapy.extensions.logstats] INFO: Crawled 30 pages (at 0 pages/min), scraped 0 items (at 0 items/min)
2019-03-13 19:14:57 [scrapy.extensions.logstats] INFO: Crawled 30 pages (at 0 pages/min), scraped 0 items (at 0 items/min)
2019-03-13 19:15:57 [scrapy.extensions.logstats] INFO: Crawled 30 pages (at 0 pages/min), scraped 0 items (at 0 items/min)
2019-03-13 19:16:57 [scrapy.extensions.logstats] INFO: Crawled 30 pages (at 0 pages/min), scraped 0 items (at 0 items/min)
2019-03-13 19:17:57 [scrapy.extensions.logstats] INFO: Crawled 30 pages (at 0 pages/min), scraped 0 items (at 0 items/min)
2019-03-13 19:18:57 [scrapy.extensions.logstats] INFO: Crawled 30 pages (at 0 pages/min), scraped 0 items (at 0 items/min)
2019-03-13 19:19:57 [scrapy.extensions.logstats] INFO: Crawled 30 pages (at 0 pages/min), scraped 0 items (at 0 items/min)
2019-03-13 19:20:57 [scrapy.extensions.logstats] INFO: Crawled 30 pages (at 0 pages/min), scraped 0 items (at 0 items/min)
2019-03-13 19:21:57 [scrapy.extensions.logstats] INFO: Crawled 30 pages (at 0 pages/min), scraped 0 items (at 0 items/min)
2019-03-13 19:22:57 [scrapy.extensions.logstats] INFO: Crawled 30 pages (at 0 pages/min), scraped 0 items (at 0 items/min)
2019-03-13 19:23:57 [scrapy.extensions.logstats] INFO: Crawled 30 pages (at 0 pages/min), scraped 0 items (at 0 items/min)
2019-03-13 19:24:57 [scrapy.extensions.logstats] INFO: Crawled 30 pages (at 0 pages/min), scraped 0 items (at 0 items/min)
2019-03-13 19:25:57 [scrapy.extensions.logstats] INFO: Crawled 30 pages (at 0 pages/min), scraped 0 items (at 0 items/min)
2019-03-13 19:26:57 [scrapy.extensions.logstats] INFO: Crawled 30 pages (at 0 pages/min), scraped 0 items (at 0 items/min)
2019-03-13 19:27:57 [scrapy.extensions.logstats] INFO: Crawled 30 pages (at 0 pages/min), scraped 0 items (at 0 items/min)
2019-03-13 19:28:57 [scrapy.extensions.logstats] INFO: Crawled 30 pages (at 0 pages/min), scraped 0 items (at 0 items/min)
2019-03-13 19:29:57 [scrapy.extensions.logstats] INFO: Crawled 30 pages (at 0 pages/min), scraped 0 items (at 0 items/min)
2019-03-13 19:30:57 [scrapy.extensions.logstats] INFO: Crawled 30 pages (at 0 pages/min), scraped 0 items (at 0 items/min)
2019-03-13 19:31:57 [scrapy.extensions.logstats] INFO: Crawled 30 pages (at 0 pages/min), scraped 0 items (at 0 items/min)
2019-03-13 19:32:57 [scrapy.extensions.logstats] INFO: Crawled 30 pages (at 0 pages/min), scraped 0 items (at 0 items/min)
2019-03-13 19:33:57 [scrapy.extensions.logstats] INFO: Crawled 30 pages (at 0 pages/min), scraped 0 items (at 0 items/min)
2019-03-13 19:34:57 [scrapy.extensions.logstats] INFO: Crawled 30 pages (at 0 pages/min), scraped 0 items (at 0 items/min)
2019-03-13 19:35:57 [scrapy.extensions.logstats] INFO: Crawled 30 pages (at 0 pages/min), scraped 0 items (at 0 items/min)
2019-03-13 19:36:57 [scrapy.extensions.logstats] INFO: Crawled 30 pages (at 0 pages/min), scraped 0 items (at 0 items/min)
2019-03-13 19:37:57 [scrapy.extensions.logstats] INFO: Crawled 30 pages (at 0 pages/min), scraped 0 items (at 0 items/min)
2019-03-13 19:38:57 [scrapy.extensions.logstats] INFO: Crawled 30 pages (at 0 pages/min), scraped 0 items (at 0 items/min)
2019-03-13 19:39:57 [scrapy.extensions.logstats] INFO: Crawled 30 pages (at 0 pages/min), scraped 0 items (at 0 items/min)
2019-03-13 19:40:57 [scrapy.extensions.logstats] INFO: Crawled 30 pages (at 0 pages/min), scraped 0 items (at 0 items/min)
2019-03-13 19:41:57 [scrapy.extensions.logstats] INFO: Crawled 30 pages (at 0 pages/min), scraped 0 items (at 0 items/min)
2019-03-13 19:42:57 [scrapy.extensions.logstats] INFO: Crawled 30 pages (at 0 pages/min), scraped 0 items (at 0 items/min)
2019-03-13 19:43:57 [scrapy.extensions.logstats] INFO: Crawled 30 pages (at 0 pages/min), scraped 0 items (at 0 items/min)
2019-03-13 19:44:57 [scrapy.extensions.logstats] INFO: Crawled 30 pages (at 0 pages/min), scraped 0 items (at 0 items/min)
2019-03-13 19:45:57 [scrapy.extensions.logstats] INFO: Crawled 30 pages (at 0 pages/min), scraped 0 items (at 0 items/min)
2019-03-13 19:46:57 [scrapy.extensions.logstats] INFO: Crawled 30 pages (at 0 pages/min), scraped 0 items (at 0 items/min)
2019-03-13 19:47:57 [scrapy.extensions.logstats] INFO: Crawled 30 pages (at 0 pages/min), scraped 0 items (at 0 items/min)
2019-03-13 19:48:57 [scrapy.extensions.logstats] INFO: Crawled 30 pages (at 0 pages/min), scraped 0 items (at 0 items/min)
2019-03-13 19:49:57 [scrapy.extensions.logstats] INFO: Crawled 30 pages (at 0 pages/min), scraped 0 items (at 0 items/min)
2019-03-13 19:50:57 [scrapy.extensions.logstats] INFO: Crawled 30 pages (at 0 pages/min), scraped 0 items (at 0 items/min)
