2019-03-13 16:13:27 [scrapy.utils.log] INFO: Scrapy 1.6.0 started (bot: baidu_slave1)
2019-03-13 16:13:27 [scrapy.utils.log] INFO: Versions: lxml 4.2.5.0, libxml2 2.9.8, cssselect 1.0.3, parsel 1.5.1, w3lib 1.19.0, Twisted 18.9.0, Python 3.7.1 (v3.7.1:260ec2c36a, Oct 20 2018, 03:13:28) - [Clang 6.0 (clang-600.0.57)], pyOpenSSL 18.0.0 (OpenSSL 1.1.0j  20 Nov 2018), cryptography 2.4.2, Platform Darwin-18.2.0-x86_64-i386-64bit
2019-03-13 16:13:27 [scrapy.crawler] INFO: Overridden settings: {'BOT_NAME': 'baidu_slave1', 'DOWNLOAD_DELAY': 3, 'DUPEFILTER_CLASS': 'scrapy_redis.dupefilter.RFPDupeFilter', 'LOG_FILE': 'logs/baidu_slave1/todayhotInfoSpider/e0edb354456711e99681784f4378df41.log', 'NEWSPIDER_MODULE': 'baidu_slave1.spiders', 'SCHEDULER': 'scrapy_redis.scheduler.Scheduler', 'SPIDER_MODULES': ['baidu_slave1.spiders'], 'USER_AGENT': 'Mozilla/5.0 (Windows NT 6.1; Win64; x64) AppleWebKit/537.36 (KHTML, like Gecko) Chrome/57.0.2950.5 Safari/537.36'}
2019-03-13 16:13:27 [scrapy.extensions.telnet] INFO: Telnet Password: 5f8d51f5b0959b4c
2019-03-13 16:13:27 [scrapy.middleware] INFO: Enabled extensions:
['scrapy.extensions.corestats.CoreStats',
 'scrapy.extensions.telnet.TelnetConsole',
 'scrapy.extensions.memusage.MemoryUsage',
 'scrapy.extensions.logstats.LogStats']
2019-03-13 16:13:27 [todayhotInfoSpider] INFO: Reading start URLs from redis key 'todayhotInfoSpider:start_urls' (batch size: 16, encoding: utf-8
2019-03-13 16:13:27 [scrapy.middleware] INFO: Enabled downloader middlewares:
['scrapy.downloadermiddlewares.httpauth.HttpAuthMiddleware',
 'scrapy.downloadermiddlewares.downloadtimeout.DownloadTimeoutMiddleware',
 'scrapy.downloadermiddlewares.defaultheaders.DefaultHeadersMiddleware',
 'scrapy.downloadermiddlewares.useragent.UserAgentMiddleware',
 'scrapy.downloadermiddlewares.retry.RetryMiddleware',
 'scrapy.downloadermiddlewares.redirect.MetaRefreshMiddleware',
 'scrapy.downloadermiddlewares.httpcompression.HttpCompressionMiddleware',
 'scrapy.downloadermiddlewares.redirect.RedirectMiddleware',
 'scrapy.downloadermiddlewares.cookies.CookiesMiddleware',
 'scrapy.downloadermiddlewares.httpproxy.HttpProxyMiddleware',
 'scrapy.downloadermiddlewares.stats.DownloaderStats']
2019-03-13 16:13:27 [scrapy.middleware] INFO: Enabled spider middlewares:
['scrapy.spidermiddlewares.httperror.HttpErrorMiddleware',
 'scrapy.spidermiddlewares.offsite.OffsiteMiddleware',
 'scrapy.spidermiddlewares.referer.RefererMiddleware',
 'scrapy.spidermiddlewares.urllength.UrlLengthMiddleware',
 'scrapy.spidermiddlewares.depth.DepthMiddleware']
2019-03-13 16:13:27 [scrapy.middleware] INFO: Enabled item pipelines:
['scrapy_redis.pipelines.RedisPipeline']
2019-03-13 16:13:27 [scrapy.core.engine] INFO: Spider opened
2019-03-13 16:13:27 [scrapy.extensions.logstats] INFO: Crawled 0 pages (at 0 pages/min), scraped 0 items (at 0 items/min)
2019-03-13 16:13:27 [scrapy.extensions.telnet] INFO: Telnet console listening on 127.0.0.1:6027
2019-03-13 16:14:27 [scrapy.extensions.logstats] INFO: Crawled 0 pages (at 0 pages/min), scraped 0 items (at 0 items/min)
2019-03-13 16:15:27 [scrapy.extensions.logstats] INFO: Crawled 0 pages (at 0 pages/min), scraped 0 items (at 0 items/min)
2019-03-13 16:16:27 [scrapy.extensions.logstats] INFO: Crawled 0 pages (at 0 pages/min), scraped 0 items (at 0 items/min)
2019-03-13 16:17:27 [scrapy.extensions.logstats] INFO: Crawled 0 pages (at 0 pages/min), scraped 0 items (at 0 items/min)
2019-03-13 16:18:27 [scrapy.extensions.logstats] INFO: Crawled 0 pages (at 0 pages/min), scraped 0 items (at 0 items/min)
2019-03-13 16:19:27 [scrapy.extensions.logstats] INFO: Crawled 0 pages (at 0 pages/min), scraped 0 items (at 0 items/min)
2019-03-13 16:20:27 [scrapy.extensions.logstats] INFO: Crawled 0 pages (at 0 pages/min), scraped 0 items (at 0 items/min)
2019-03-13 16:21:27 [scrapy.extensions.logstats] INFO: Crawled 0 pages (at 0 pages/min), scraped 0 items (at 0 items/min)
2019-03-13 16:22:27 [scrapy.extensions.logstats] INFO: Crawled 0 pages (at 0 pages/min), scraped 0 items (at 0 items/min)
2019-03-13 16:23:27 [scrapy.extensions.logstats] INFO: Crawled 0 pages (at 0 pages/min), scraped 0 items (at 0 items/min)
2019-03-13 16:24:27 [scrapy.extensions.logstats] INFO: Crawled 0 pages (at 0 pages/min), scraped 0 items (at 0 items/min)
2019-03-13 16:25:27 [scrapy.extensions.logstats] INFO: Crawled 0 pages (at 0 pages/min), scraped 0 items (at 0 items/min)
2019-03-13 16:26:27 [scrapy.extensions.logstats] INFO: Crawled 0 pages (at 0 pages/min), scraped 0 items (at 0 items/min)
2019-03-13 16:27:27 [scrapy.extensions.logstats] INFO: Crawled 0 pages (at 0 pages/min), scraped 0 items (at 0 items/min)
2019-03-13 16:28:27 [scrapy.extensions.logstats] INFO: Crawled 0 pages (at 0 pages/min), scraped 0 items (at 0 items/min)
2019-03-13 16:29:27 [scrapy.extensions.logstats] INFO: Crawled 0 pages (at 0 pages/min), scraped 0 items (at 0 items/min)
2019-03-13 16:30:27 [scrapy.extensions.logstats] INFO: Crawled 0 pages (at 0 pages/min), scraped 0 items (at 0 items/min)
2019-03-13 16:31:28 [scrapy.extensions.logstats] INFO: Crawled 0 pages (at 0 pages/min), scraped 0 items (at 0 items/min)
2019-03-13 16:32:27 [scrapy.extensions.logstats] INFO: Crawled 0 pages (at 0 pages/min), scraped 0 items (at 0 items/min)
2019-03-13 16:33:27 [scrapy.extensions.logstats] INFO: Crawled 0 pages (at 0 pages/min), scraped 0 items (at 0 items/min)
2019-03-13 16:34:13 [scrapy.core.engine] DEBUG: Crawled (200) <GET http://www.baidu.com/baidu?cl=3&tn=SE_baiduhomet8_jmjb7mjw&rsv_dl=fyb_top&fr=top1000&wd=%D0%AF%B3%CC%D6%C2%C7%B8> (referer: None)
2019-03-13 16:34:13 [todayhotInfoSpider] DEBUG: Read 2 requests from 'todayhotInfoSpider:start_urls'
2019-03-13 16:34:16 [scrapy.core.engine] DEBUG: Crawled (200) <GET http://www.baidu.com/baidu?cl=3&tn=SE_baiduhomet8_jmjb7mjw&rsv_dl=fyb_top&fr=top1000&wd=%B2%CC%C1%D5%B8%DF%E8%F7%E4%BF%C6%D8%C0%EB%BB%E9> (referer: None)
2019-03-13 16:34:20 [scrapy.core.engine] DEBUG: Crawled (200) <GET http://www.baidu.com/baidu?cl=3&tn=SE_baiduhomet8_jmjb7mjw&rsv_dl=fyb_top&fr=top1000&wd=%B9%AB%CB%BE%BB%D8%D3%A6%B2%CC%C7%D9%C8%A5%CA%C0> (referer: None)
2019-03-13 16:34:28 [scrapy.extensions.logstats] INFO: Crawled 3 pages (at 3 pages/min), scraped 0 items (at 0 items/min)
2019-03-13 16:35:27 [scrapy.extensions.logstats] INFO: Crawled 3 pages (at 0 pages/min), scraped 0 items (at 0 items/min)
2019-03-13 16:36:28 [scrapy.extensions.logstats] INFO: Crawled 3 pages (at 0 pages/min), scraped 0 items (at 0 items/min)
2019-03-13 16:37:27 [scrapy.extensions.logstats] INFO: Crawled 3 pages (at 0 pages/min), scraped 0 items (at 0 items/min)
2019-03-13 16:37:59 [scrapy.core.engine] DEBUG: Crawled (200) <GET http://www.baidu.com/baidu?cl=3&tn=SE_baiduhomet8_jmjb7mjw&rsv_dl=fyb_top&fr=top1000&wd=%B2%A8%D2%F4%B9%AB%CB%BE%C9%F9%C3%F7> (referer: None)
2019-03-13 16:37:59 [todayhotInfoSpider] DEBUG: Read 2 requests from 'todayhotInfoSpider:start_urls'
2019-03-13 16:38:00 [scrapy.core.engine] DEBUG: Crawled (200) <GET http://www.baidu.com/baidu?cl=3&tn=SE_baiduhomet8_jmjb7mjw&rsv_dl=fyb_top&fr=top1000&wd=%B2%CC%C1%D5%B8%DF%E8%F7%E4%BF%C6%D8%C0%EB%BB%E9> (referer: None)
2019-03-13 16:38:05 [scrapy.core.engine] DEBUG: Crawled (200) <GET http://www.baidu.com/baidu?cl=3&tn=SE_baiduhomet8_jmjb7mjw&rsv_dl=fyb_top&fr=top1000&wd=%B9%AB%CB%BE%BB%D8%D3%A6%B2%CC%C7%D9%C8%A5%CA%C0> (referer: None)
2019-03-13 16:38:27 [scrapy.extensions.logstats] INFO: Crawled 6 pages (at 3 pages/min), scraped 0 items (at 0 items/min)
2019-03-13 16:39:27 [scrapy.extensions.logstats] INFO: Crawled 6 pages (at 0 pages/min), scraped 0 items (at 0 items/min)
2019-03-13 16:40:27 [scrapy.extensions.logstats] INFO: Crawled 6 pages (at 0 pages/min), scraped 0 items (at 0 items/min)
2019-03-13 16:41:27 [scrapy.extensions.logstats] INFO: Crawled 6 pages (at 0 pages/min), scraped 0 items (at 0 items/min)
2019-03-13 16:42:27 [scrapy.extensions.logstats] INFO: Crawled 6 pages (at 0 pages/min), scraped 0 items (at 0 items/min)
2019-03-13 16:43:28 [scrapy.extensions.logstats] INFO: Crawled 6 pages (at 0 pages/min), scraped 0 items (at 0 items/min)
2019-03-13 16:44:27 [scrapy.extensions.logstats] INFO: Crawled 6 pages (at 0 pages/min), scraped 0 items (at 0 items/min)
2019-03-13 16:45:27 [scrapy.extensions.logstats] INFO: Crawled 6 pages (at 0 pages/min), scraped 0 items (at 0 items/min)
2019-03-13 16:46:27 [scrapy.extensions.logstats] INFO: Crawled 6 pages (at 0 pages/min), scraped 0 items (at 0 items/min)
2019-03-13 16:47:28 [scrapy.extensions.logstats] INFO: Crawled 6 pages (at 0 pages/min), scraped 0 items (at 0 items/min)
2019-03-13 16:48:27 [scrapy.extensions.logstats] INFO: Crawled 6 pages (at 0 pages/min), scraped 0 items (at 0 items/min)
2019-03-13 16:49:27 [scrapy.extensions.logstats] INFO: Crawled 6 pages (at 0 pages/min), scraped 0 items (at 0 items/min)
2019-03-13 16:50:27 [scrapy.extensions.logstats] INFO: Crawled 6 pages (at 0 pages/min), scraped 0 items (at 0 items/min)
2019-03-13 16:51:27 [scrapy.extensions.logstats] INFO: Crawled 6 pages (at 0 pages/min), scraped 0 items (at 0 items/min)
2019-03-13 16:52:27 [scrapy.extensions.logstats] INFO: Crawled 6 pages (at 0 pages/min), scraped 0 items (at 0 items/min)
2019-03-13 16:53:27 [scrapy.extensions.logstats] INFO: Crawled 6 pages (at 0 pages/min), scraped 0 items (at 0 items/min)
2019-03-13 16:54:27 [scrapy.extensions.logstats] INFO: Crawled 6 pages (at 0 pages/min), scraped 0 items (at 0 items/min)
2019-03-13 16:55:27 [scrapy.extensions.logstats] INFO: Crawled 6 pages (at 0 pages/min), scraped 0 items (at 0 items/min)
2019-03-13 16:56:27 [scrapy.extensions.logstats] INFO: Crawled 6 pages (at 0 pages/min), scraped 0 items (at 0 items/min)
2019-03-13 16:57:28 [scrapy.extensions.logstats] INFO: Crawled 6 pages (at 0 pages/min), scraped 0 items (at 0 items/min)
2019-03-13 16:58:27 [scrapy.extensions.logstats] INFO: Crawled 6 pages (at 0 pages/min), scraped 0 items (at 0 items/min)
2019-03-13 16:59:27 [scrapy.extensions.logstats] INFO: Crawled 6 pages (at 0 pages/min), scraped 0 items (at 0 items/min)
2019-03-13 17:00:27 [scrapy.extensions.logstats] INFO: Crawled 6 pages (at 0 pages/min), scraped 0 items (at 0 items/min)
2019-03-13 17:01:27 [scrapy.extensions.logstats] INFO: Crawled 6 pages (at 0 pages/min), scraped 0 items (at 0 items/min)
2019-03-13 17:02:27 [scrapy.extensions.logstats] INFO: Crawled 6 pages (at 0 pages/min), scraped 0 items (at 0 items/min)
2019-03-13 17:03:27 [scrapy.extensions.logstats] INFO: Crawled 6 pages (at 0 pages/min), scraped 0 items (at 0 items/min)
2019-03-13 17:04:27 [scrapy.extensions.logstats] INFO: Crawled 6 pages (at 0 pages/min), scraped 0 items (at 0 items/min)
2019-03-13 17:05:27 [scrapy.extensions.logstats] INFO: Crawled 6 pages (at 0 pages/min), scraped 0 items (at 0 items/min)
2019-03-13 17:06:27 [scrapy.extensions.logstats] INFO: Crawled 6 pages (at 0 pages/min), scraped 0 items (at 0 items/min)
2019-03-13 17:07:27 [scrapy.extensions.logstats] INFO: Crawled 6 pages (at 0 pages/min), scraped 0 items (at 0 items/min)
2019-03-13 17:08:28 [scrapy.extensions.logstats] INFO: Crawled 6 pages (at 0 pages/min), scraped 0 items (at 0 items/min)
2019-03-13 17:09:27 [scrapy.extensions.logstats] INFO: Crawled 6 pages (at 0 pages/min), scraped 0 items (at 0 items/min)
2019-03-13 17:10:28 [scrapy.extensions.logstats] INFO: Crawled 6 pages (at 0 pages/min), scraped 0 items (at 0 items/min)
2019-03-13 17:11:27 [scrapy.extensions.logstats] INFO: Crawled 6 pages (at 0 pages/min), scraped 0 items (at 0 items/min)
2019-03-13 17:12:27 [scrapy.extensions.logstats] INFO: Crawled 6 pages (at 0 pages/min), scraped 0 items (at 0 items/min)
2019-03-13 17:13:27 [scrapy.extensions.logstats] INFO: Crawled 6 pages (at 0 pages/min), scraped 0 items (at 0 items/min)
2019-03-13 17:14:28 [scrapy.extensions.logstats] INFO: Crawled 6 pages (at 0 pages/min), scraped 0 items (at 0 items/min)
2019-03-13 17:15:27 [scrapy.extensions.logstats] INFO: Crawled 6 pages (at 0 pages/min), scraped 0 items (at 0 items/min)
2019-03-13 17:16:27 [scrapy.extensions.logstats] INFO: Crawled 6 pages (at 0 pages/min), scraped 0 items (at 0 items/min)
2019-03-13 17:17:28 [scrapy.extensions.logstats] INFO: Crawled 6 pages (at 0 pages/min), scraped 0 items (at 0 items/min)
2019-03-13 17:18:27 [scrapy.extensions.logstats] INFO: Crawled 6 pages (at 0 pages/min), scraped 0 items (at 0 items/min)
2019-03-13 17:19:27 [scrapy.extensions.logstats] INFO: Crawled 6 pages (at 0 pages/min), scraped 0 items (at 0 items/min)
2019-03-13 17:20:27 [scrapy.extensions.logstats] INFO: Crawled 6 pages (at 0 pages/min), scraped 0 items (at 0 items/min)
2019-03-13 17:21:28 [scrapy.extensions.logstats] INFO: Crawled 6 pages (at 0 pages/min), scraped 0 items (at 0 items/min)
2019-03-13 17:22:28 [scrapy.extensions.logstats] INFO: Crawled 6 pages (at 0 pages/min), scraped 0 items (at 0 items/min)
2019-03-13 17:23:27 [scrapy.extensions.logstats] INFO: Crawled 6 pages (at 0 pages/min), scraped 0 items (at 0 items/min)
2019-03-13 17:24:28 [scrapy.extensions.logstats] INFO: Crawled 6 pages (at 0 pages/min), scraped 0 items (at 0 items/min)
2019-03-13 17:25:27 [scrapy.extensions.logstats] INFO: Crawled 6 pages (at 0 pages/min), scraped 0 items (at 0 items/min)
2019-03-13 17:26:27 [scrapy.extensions.logstats] INFO: Crawled 6 pages (at 0 pages/min), scraped 0 items (at 0 items/min)
2019-03-13 17:27:27 [scrapy.extensions.logstats] INFO: Crawled 6 pages (at 0 pages/min), scraped 0 items (at 0 items/min)
2019-03-13 17:28:27 [scrapy.extensions.logstats] INFO: Crawled 6 pages (at 0 pages/min), scraped 0 items (at 0 items/min)
2019-03-13 17:29:27 [scrapy.extensions.logstats] INFO: Crawled 6 pages (at 0 pages/min), scraped 0 items (at 0 items/min)
2019-03-13 17:30:28 [scrapy.extensions.logstats] INFO: Crawled 6 pages (at 0 pages/min), scraped 0 items (at 0 items/min)
2019-03-13 17:31:27 [scrapy.extensions.logstats] INFO: Crawled 6 pages (at 0 pages/min), scraped 0 items (at 0 items/min)
2019-03-13 17:32:28 [scrapy.extensions.logstats] INFO: Crawled 6 pages (at 0 pages/min), scraped 0 items (at 0 items/min)
2019-03-13 17:33:28 [scrapy.extensions.logstats] INFO: Crawled 6 pages (at 0 pages/min), scraped 0 items (at 0 items/min)
2019-03-13 17:34:27 [scrapy.extensions.logstats] INFO: Crawled 6 pages (at 0 pages/min), scraped 0 items (at 0 items/min)
2019-03-13 17:35:27 [scrapy.extensions.logstats] INFO: Crawled 6 pages (at 0 pages/min), scraped 0 items (at 0 items/min)
2019-03-13 17:36:27 [scrapy.extensions.logstats] INFO: Crawled 6 pages (at 0 pages/min), scraped 0 items (at 0 items/min)
2019-03-13 17:37:28 [scrapy.extensions.logstats] INFO: Crawled 6 pages (at 0 pages/min), scraped 0 items (at 0 items/min)
2019-03-13 17:38:27 [scrapy.extensions.logstats] INFO: Crawled 6 pages (at 0 pages/min), scraped 0 items (at 0 items/min)
2019-03-13 17:39:27 [scrapy.extensions.logstats] INFO: Crawled 6 pages (at 0 pages/min), scraped 0 items (at 0 items/min)
2019-03-13 17:40:27 [scrapy.extensions.logstats] INFO: Crawled 6 pages (at 0 pages/min), scraped 0 items (at 0 items/min)
2019-03-13 17:41:27 [scrapy.extensions.logstats] INFO: Crawled 6 pages (at 0 pages/min), scraped 0 items (at 0 items/min)
2019-03-13 17:42:27 [scrapy.extensions.logstats] INFO: Crawled 6 pages (at 0 pages/min), scraped 0 items (at 0 items/min)
2019-03-13 17:43:28 [scrapy.extensions.logstats] INFO: Crawled 6 pages (at 0 pages/min), scraped 0 items (at 0 items/min)
2019-03-13 17:44:27 [scrapy.extensions.logstats] INFO: Crawled 6 pages (at 0 pages/min), scraped 0 items (at 0 items/min)
2019-03-13 17:45:27 [scrapy.extensions.logstats] INFO: Crawled 6 pages (at 0 pages/min), scraped 0 items (at 0 items/min)
2019-03-13 17:46:27 [scrapy.extensions.logstats] INFO: Crawled 6 pages (at 0 pages/min), scraped 0 items (at 0 items/min)
2019-03-13 17:47:27 [scrapy.extensions.logstats] INFO: Crawled 6 pages (at 0 pages/min), scraped 0 items (at 0 items/min)
2019-03-13 17:48:27 [scrapy.extensions.logstats] INFO: Crawled 6 pages (at 0 pages/min), scraped 0 items (at 0 items/min)
2019-03-13 17:49:27 [scrapy.extensions.logstats] INFO: Crawled 6 pages (at 0 pages/min), scraped 0 items (at 0 items/min)
2019-03-13 17:50:27 [scrapy.extensions.logstats] INFO: Crawled 6 pages (at 0 pages/min), scraped 0 items (at 0 items/min)
2019-03-13 17:51:28 [scrapy.extensions.logstats] INFO: Crawled 6 pages (at 0 pages/min), scraped 0 items (at 0 items/min)
2019-03-13 17:52:27 [scrapy.extensions.logstats] INFO: Crawled 6 pages (at 0 pages/min), scraped 0 items (at 0 items/min)
2019-03-13 17:53:27 [scrapy.extensions.logstats] INFO: Crawled 6 pages (at 0 pages/min), scraped 0 items (at 0 items/min)
2019-03-13 17:54:28 [scrapy.extensions.logstats] INFO: Crawled 6 pages (at 0 pages/min), scraped 0 items (at 0 items/min)
2019-03-13 17:55:27 [scrapy.extensions.logstats] INFO: Crawled 6 pages (at 0 pages/min), scraped 0 items (at 0 items/min)
2019-03-13 17:56:27 [scrapy.extensions.logstats] INFO: Crawled 6 pages (at 0 pages/min), scraped 0 items (at 0 items/min)
2019-03-13 17:57:27 [scrapy.extensions.logstats] INFO: Crawled 6 pages (at 0 pages/min), scraped 0 items (at 0 items/min)
2019-03-13 17:58:27 [scrapy.extensions.logstats] INFO: Crawled 6 pages (at 0 pages/min), scraped 0 items (at 0 items/min)
2019-03-13 17:59:27 [scrapy.extensions.logstats] INFO: Crawled 6 pages (at 0 pages/min), scraped 0 items (at 0 items/min)
2019-03-13 18:00:27 [scrapy.extensions.logstats] INFO: Crawled 6 pages (at 0 pages/min), scraped 0 items (at 0 items/min)
2019-03-13 18:01:27 [scrapy.extensions.logstats] INFO: Crawled 6 pages (at 0 pages/min), scraped 0 items (at 0 items/min)
2019-03-13 18:02:27 [scrapy.extensions.logstats] INFO: Crawled 6 pages (at 0 pages/min), scraped 0 items (at 0 items/min)
2019-03-13 18:03:27 [scrapy.extensions.logstats] INFO: Crawled 6 pages (at 0 pages/min), scraped 0 items (at 0 items/min)
2019-03-13 18:04:27 [scrapy.extensions.logstats] INFO: Crawled 6 pages (at 0 pages/min), scraped 0 items (at 0 items/min)
2019-03-13 18:05:27 [scrapy.extensions.logstats] INFO: Crawled 6 pages (at 0 pages/min), scraped 0 items (at 0 items/min)
2019-03-13 18:06:27 [scrapy.extensions.logstats] INFO: Crawled 6 pages (at 0 pages/min), scraped 0 items (at 0 items/min)
2019-03-13 18:07:27 [scrapy.extensions.logstats] INFO: Crawled 6 pages (at 0 pages/min), scraped 0 items (at 0 items/min)
2019-03-13 18:08:27 [scrapy.extensions.logstats] INFO: Crawled 6 pages (at 0 pages/min), scraped 0 items (at 0 items/min)
2019-03-13 18:09:27 [scrapy.extensions.logstats] INFO: Crawled 6 pages (at 0 pages/min), scraped 0 items (at 0 items/min)
2019-03-13 18:10:27 [scrapy.extensions.logstats] INFO: Crawled 6 pages (at 0 pages/min), scraped 0 items (at 0 items/min)
2019-03-13 18:11:27 [scrapy.extensions.logstats] INFO: Crawled 6 pages (at 0 pages/min), scraped 0 items (at 0 items/min)
2019-03-13 18:12:27 [scrapy.extensions.logstats] INFO: Crawled 6 pages (at 0 pages/min), scraped 0 items (at 0 items/min)
2019-03-13 18:13:28 [scrapy.extensions.logstats] INFO: Crawled 6 pages (at 0 pages/min), scraped 0 items (at 0 items/min)
2019-03-13 18:14:27 [scrapy.extensions.logstats] INFO: Crawled 6 pages (at 0 pages/min), scraped 0 items (at 0 items/min)
2019-03-13 18:15:27 [scrapy.extensions.logstats] INFO: Crawled 6 pages (at 0 pages/min), scraped 0 items (at 0 items/min)
2019-03-13 18:16:27 [scrapy.extensions.logstats] INFO: Crawled 6 pages (at 0 pages/min), scraped 0 items (at 0 items/min)
2019-03-13 18:17:27 [scrapy.extensions.logstats] INFO: Crawled 6 pages (at 0 pages/min), scraped 0 items (at 0 items/min)
2019-03-13 18:18:27 [scrapy.extensions.logstats] INFO: Crawled 6 pages (at 0 pages/min), scraped 0 items (at 0 items/min)
2019-03-13 18:19:27 [scrapy.extensions.logstats] INFO: Crawled 6 pages (at 0 pages/min), scraped 0 items (at 0 items/min)
2019-03-13 18:20:27 [scrapy.extensions.logstats] INFO: Crawled 6 pages (at 0 pages/min), scraped 0 items (at 0 items/min)
2019-03-13 18:21:28 [scrapy.extensions.logstats] INFO: Crawled 6 pages (at 0 pages/min), scraped 0 items (at 0 items/min)
2019-03-13 18:22:27 [scrapy.extensions.logstats] INFO: Crawled 6 pages (at 0 pages/min), scraped 0 items (at 0 items/min)
2019-03-13 18:23:27 [scrapy.extensions.logstats] INFO: Crawled 6 pages (at 0 pages/min), scraped 0 items (at 0 items/min)
2019-03-13 18:24:28 [scrapy.extensions.logstats] INFO: Crawled 6 pages (at 0 pages/min), scraped 0 items (at 0 items/min)
2019-03-13 18:25:27 [scrapy.extensions.logstats] INFO: Crawled 6 pages (at 0 pages/min), scraped 0 items (at 0 items/min)
2019-03-13 18:26:27 [scrapy.extensions.logstats] INFO: Crawled 6 pages (at 0 pages/min), scraped 0 items (at 0 items/min)
2019-03-13 18:27:27 [scrapy.extensions.logstats] INFO: Crawled 6 pages (at 0 pages/min), scraped 0 items (at 0 items/min)
2019-03-13 18:28:27 [scrapy.extensions.logstats] INFO: Crawled 6 pages (at 0 pages/min), scraped 0 items (at 0 items/min)
2019-03-13 18:29:27 [scrapy.extensions.logstats] INFO: Crawled 6 pages (at 0 pages/min), scraped 0 items (at 0 items/min)
2019-03-13 18:30:28 [scrapy.extensions.logstats] INFO: Crawled 6 pages (at 0 pages/min), scraped 0 items (at 0 items/min)
2019-03-13 18:31:27 [scrapy.extensions.logstats] INFO: Crawled 6 pages (at 0 pages/min), scraped 0 items (at 0 items/min)
2019-03-13 18:32:27 [scrapy.extensions.logstats] INFO: Crawled 6 pages (at 0 pages/min), scraped 0 items (at 0 items/min)
2019-03-13 18:33:27 [scrapy.extensions.logstats] INFO: Crawled 6 pages (at 0 pages/min), scraped 0 items (at 0 items/min)
2019-03-13 18:34:27 [scrapy.extensions.logstats] INFO: Crawled 6 pages (at 0 pages/min), scraped 0 items (at 0 items/min)
2019-03-13 18:35:27 [scrapy.extensions.logstats] INFO: Crawled 6 pages (at 0 pages/min), scraped 0 items (at 0 items/min)
2019-03-13 18:36:27 [scrapy.extensions.logstats] INFO: Crawled 6 pages (at 0 pages/min), scraped 0 items (at 0 items/min)
2019-03-13 18:37:27 [scrapy.extensions.logstats] INFO: Crawled 6 pages (at 0 pages/min), scraped 0 items (at 0 items/min)
2019-03-13 18:38:27 [scrapy.extensions.logstats] INFO: Crawled 6 pages (at 0 pages/min), scraped 0 items (at 0 items/min)
2019-03-13 18:39:27 [scrapy.extensions.logstats] INFO: Crawled 6 pages (at 0 pages/min), scraped 0 items (at 0 items/min)
2019-03-13 18:40:27 [scrapy.extensions.logstats] INFO: Crawled 6 pages (at 0 pages/min), scraped 0 items (at 0 items/min)
2019-03-13 18:41:28 [scrapy.extensions.logstats] INFO: Crawled 6 pages (at 0 pages/min), scraped 0 items (at 0 items/min)
2019-03-13 18:42:27 [scrapy.extensions.logstats] INFO: Crawled 6 pages (at 0 pages/min), scraped 0 items (at 0 items/min)
2019-03-13 18:43:27 [scrapy.extensions.logstats] INFO: Crawled 6 pages (at 0 pages/min), scraped 0 items (at 0 items/min)
2019-03-13 18:44:27 [scrapy.extensions.logstats] INFO: Crawled 6 pages (at 0 pages/min), scraped 0 items (at 0 items/min)
2019-03-13 18:45:27 [scrapy.extensions.logstats] INFO: Crawled 6 pages (at 0 pages/min), scraped 0 items (at 0 items/min)
2019-03-13 18:46:27 [scrapy.extensions.logstats] INFO: Crawled 6 pages (at 0 pages/min), scraped 0 items (at 0 items/min)
2019-03-13 18:47:27 [scrapy.extensions.logstats] INFO: Crawled 6 pages (at 0 pages/min), scraped 0 items (at 0 items/min)
2019-03-13 18:48:27 [scrapy.extensions.logstats] INFO: Crawled 6 pages (at 0 pages/min), scraped 0 items (at 0 items/min)
2019-03-13 18:49:27 [scrapy.extensions.logstats] INFO: Crawled 6 pages (at 0 pages/min), scraped 0 items (at 0 items/min)
2019-03-13 18:50:27 [scrapy.extensions.logstats] INFO: Crawled 6 pages (at 0 pages/min), scraped 0 items (at 0 items/min)
2019-03-13 18:51:27 [scrapy.extensions.logstats] INFO: Crawled 6 pages (at 0 pages/min), scraped 0 items (at 0 items/min)
2019-03-13 18:52:27 [scrapy.extensions.logstats] INFO: Crawled 6 pages (at 0 pages/min), scraped 0 items (at 0 items/min)
2019-03-13 18:53:27 [scrapy.extensions.logstats] INFO: Crawled 6 pages (at 0 pages/min), scraped 0 items (at 0 items/min)
2019-03-13 18:54:27 [scrapy.extensions.logstats] INFO: Crawled 6 pages (at 0 pages/min), scraped 0 items (at 0 items/min)
2019-03-13 18:55:27 [scrapy.extensions.logstats] INFO: Crawled 6 pages (at 0 pages/min), scraped 0 items (at 0 items/min)
2019-03-13 18:56:27 [scrapy.extensions.logstats] INFO: Crawled 6 pages (at 0 pages/min), scraped 0 items (at 0 items/min)
2019-03-13 18:57:27 [scrapy.extensions.logstats] INFO: Crawled 6 pages (at 0 pages/min), scraped 0 items (at 0 items/min)
2019-03-13 18:58:27 [scrapy.extensions.logstats] INFO: Crawled 6 pages (at 0 pages/min), scraped 0 items (at 0 items/min)
2019-03-13 18:59:27 [scrapy.extensions.logstats] INFO: Crawled 6 pages (at 0 pages/min), scraped 0 items (at 0 items/min)
2019-03-13 19:00:27 [scrapy.extensions.logstats] INFO: Crawled 6 pages (at 0 pages/min), scraped 0 items (at 0 items/min)
2019-03-13 19:01:27 [scrapy.extensions.logstats] INFO: Crawled 6 pages (at 0 pages/min), scraped 0 items (at 0 items/min)
2019-03-13 19:02:27 [scrapy.extensions.logstats] INFO: Crawled 6 pages (at 0 pages/min), scraped 0 items (at 0 items/min)
2019-03-13 19:03:27 [scrapy.extensions.logstats] INFO: Crawled 6 pages (at 0 pages/min), scraped 0 items (at 0 items/min)
2019-03-13 19:04:27 [scrapy.extensions.logstats] INFO: Crawled 6 pages (at 0 pages/min), scraped 0 items (at 0 items/min)
2019-03-13 19:05:28 [scrapy.extensions.logstats] INFO: Crawled 6 pages (at 0 pages/min), scraped 0 items (at 0 items/min)
2019-03-13 19:06:27 [scrapy.extensions.logstats] INFO: Crawled 6 pages (at 0 pages/min), scraped 0 items (at 0 items/min)
2019-03-13 19:07:27 [scrapy.extensions.logstats] INFO: Crawled 6 pages (at 0 pages/min), scraped 0 items (at 0 items/min)
2019-03-13 19:08:27 [scrapy.extensions.logstats] INFO: Crawled 6 pages (at 0 pages/min), scraped 0 items (at 0 items/min)
2019-03-13 19:09:27 [scrapy.extensions.logstats] INFO: Crawled 6 pages (at 0 pages/min), scraped 0 items (at 0 items/min)
2019-03-13 19:10:27 [scrapy.extensions.logstats] INFO: Crawled 6 pages (at 0 pages/min), scraped 0 items (at 0 items/min)
2019-03-13 19:11:27 [scrapy.extensions.logstats] INFO: Crawled 6 pages (at 0 pages/min), scraped 0 items (at 0 items/min)
2019-03-13 19:12:27 [scrapy.extensions.logstats] INFO: Crawled 6 pages (at 0 pages/min), scraped 0 items (at 0 items/min)
2019-03-13 19:13:27 [scrapy.extensions.logstats] INFO: Crawled 6 pages (at 0 pages/min), scraped 0 items (at 0 items/min)
2019-03-13 19:14:28 [scrapy.extensions.logstats] INFO: Crawled 6 pages (at 0 pages/min), scraped 0 items (at 0 items/min)
2019-03-13 19:15:27 [scrapy.extensions.logstats] INFO: Crawled 6 pages (at 0 pages/min), scraped 0 items (at 0 items/min)
2019-03-13 19:16:27 [scrapy.extensions.logstats] INFO: Crawled 6 pages (at 0 pages/min), scraped 0 items (at 0 items/min)
2019-03-13 19:17:27 [scrapy.extensions.logstats] INFO: Crawled 6 pages (at 0 pages/min), scraped 0 items (at 0 items/min)
2019-03-13 19:18:27 [scrapy.extensions.logstats] INFO: Crawled 6 pages (at 0 pages/min), scraped 0 items (at 0 items/min)
2019-03-13 19:19:27 [scrapy.extensions.logstats] INFO: Crawled 6 pages (at 0 pages/min), scraped 0 items (at 0 items/min)
2019-03-13 19:20:27 [scrapy.extensions.logstats] INFO: Crawled 6 pages (at 0 pages/min), scraped 0 items (at 0 items/min)
2019-03-13 19:21:27 [scrapy.extensions.logstats] INFO: Crawled 6 pages (at 0 pages/min), scraped 0 items (at 0 items/min)
2019-03-13 19:22:27 [scrapy.extensions.logstats] INFO: Crawled 6 pages (at 0 pages/min), scraped 0 items (at 0 items/min)
2019-03-13 19:23:27 [scrapy.extensions.logstats] INFO: Crawled 6 pages (at 0 pages/min), scraped 0 items (at 0 items/min)
2019-03-13 19:24:27 [scrapy.extensions.logstats] INFO: Crawled 6 pages (at 0 pages/min), scraped 0 items (at 0 items/min)
2019-03-13 19:25:27 [scrapy.extensions.logstats] INFO: Crawled 6 pages (at 0 pages/min), scraped 0 items (at 0 items/min)
2019-03-13 19:26:27 [scrapy.extensions.logstats] INFO: Crawled 6 pages (at 0 pages/min), scraped 0 items (at 0 items/min)
2019-03-13 19:27:27 [scrapy.extensions.logstats] INFO: Crawled 6 pages (at 0 pages/min), scraped 0 items (at 0 items/min)
2019-03-13 19:28:27 [scrapy.extensions.logstats] INFO: Crawled 6 pages (at 0 pages/min), scraped 0 items (at 0 items/min)
2019-03-13 19:29:27 [scrapy.extensions.logstats] INFO: Crawled 6 pages (at 0 pages/min), scraped 0 items (at 0 items/min)
2019-03-13 19:30:27 [scrapy.extensions.logstats] INFO: Crawled 6 pages (at 0 pages/min), scraped 0 items (at 0 items/min)
2019-03-13 19:31:27 [scrapy.extensions.logstats] INFO: Crawled 6 pages (at 0 pages/min), scraped 0 items (at 0 items/min)
2019-03-13 19:32:27 [scrapy.extensions.logstats] INFO: Crawled 6 pages (at 0 pages/min), scraped 0 items (at 0 items/min)
2019-03-13 19:33:27 [scrapy.extensions.logstats] INFO: Crawled 6 pages (at 0 pages/min), scraped 0 items (at 0 items/min)
2019-03-13 19:34:27 [scrapy.extensions.logstats] INFO: Crawled 6 pages (at 0 pages/min), scraped 0 items (at 0 items/min)
2019-03-13 19:35:27 [scrapy.extensions.logstats] INFO: Crawled 6 pages (at 0 pages/min), scraped 0 items (at 0 items/min)
2019-03-13 19:36:27 [scrapy.extensions.logstats] INFO: Crawled 6 pages (at 0 pages/min), scraped 0 items (at 0 items/min)
2019-03-13 19:37:27 [scrapy.extensions.logstats] INFO: Crawled 6 pages (at 0 pages/min), scraped 0 items (at 0 items/min)
2019-03-13 19:38:28 [scrapy.extensions.logstats] INFO: Crawled 6 pages (at 0 pages/min), scraped 0 items (at 0 items/min)
2019-03-13 19:39:27 [scrapy.extensions.logstats] INFO: Crawled 6 pages (at 0 pages/min), scraped 0 items (at 0 items/min)
2019-03-13 19:40:27 [scrapy.extensions.logstats] INFO: Crawled 6 pages (at 0 pages/min), scraped 0 items (at 0 items/min)
2019-03-13 19:41:27 [scrapy.extensions.logstats] INFO: Crawled 6 pages (at 0 pages/min), scraped 0 items (at 0 items/min)
2019-03-13 19:42:27 [scrapy.extensions.logstats] INFO: Crawled 6 pages (at 0 pages/min), scraped 0 items (at 0 items/min)
2019-03-13 19:43:28 [scrapy.extensions.logstats] INFO: Crawled 6 pages (at 0 pages/min), scraped 0 items (at 0 items/min)
2019-03-13 19:44:27 [scrapy.extensions.logstats] INFO: Crawled 6 pages (at 0 pages/min), scraped 0 items (at 0 items/min)
2019-03-13 19:45:27 [scrapy.extensions.logstats] INFO: Crawled 6 pages (at 0 pages/min), scraped 0 items (at 0 items/min)
2019-03-13 19:46:27 [scrapy.extensions.logstats] INFO: Crawled 6 pages (at 0 pages/min), scraped 0 items (at 0 items/min)
2019-03-13 19:47:27 [scrapy.extensions.logstats] INFO: Crawled 6 pages (at 0 pages/min), scraped 0 items (at 0 items/min)
2019-03-13 19:48:27 [scrapy.extensions.logstats] INFO: Crawled 6 pages (at 0 pages/min), scraped 0 items (at 0 items/min)
2019-03-13 19:49:28 [scrapy.extensions.logstats] INFO: Crawled 6 pages (at 0 pages/min), scraped 0 items (at 0 items/min)
2019-03-13 19:50:28 [scrapy.extensions.logstats] INFO: Crawled 6 pages (at 0 pages/min), scraped 0 items (at 0 items/min)
2019-03-13 19:51:27 [scrapy.extensions.logstats] INFO: Crawled 6 pages (at 0 pages/min), scraped 0 items (at 0 items/min)
